<?xml version="1.0" encoding="UTF-8"?>
<robot generator="Robot 7.0 (Python 3.12.2 on win32)" generated="2024-08-27T23:03:08.860320" rpa="false" schemaversion="5">
<suite id="s1" name="TC03" source="c:\Users\goudaa\Alis Dokumente\Java Project\Testcases\TC03.robot">
<test id="s1-t1" name="Scenario: Contact us Form absenden" line="9">
<kw name="Given Benutzer öffnet den Browser" owner="Home_Page_German">
<kw name="Open my Browser" owner="Home_Page">
<kw name="Evaluate" owner="BuiltIn">
<msg time="2024-08-27T23:03:09.497444" level="INFO">${options} = &lt;selenium.webdriver.chrome.options.Options object at 0x000001C2CCD0B080&gt;</msg>
<var>${options}</var>
<arg>sys.modules['selenium.webdriver'].ChromeOptions()</arg>
<arg>sys, selenium.webdriver</arg>
<doc>Evaluates the given expression in Python and returns the result.</doc>
<status status="PASS" start="2024-08-27T23:03:09.497444" elapsed="0.003999"/>
</kw>
<kw name="Call Method" owner="BuiltIn">
<arg>${options}</arg>
<arg>add_argument</arg>
<arg>${CHROME_OPTIONS}</arg>
<doc>Calls the named method of the given object with the provided arguments.</doc>
<status status="PASS" start="2024-08-27T23:03:09.502443" elapsed="0.000000"/>
</kw>
<kw name="Open Browser" owner="SeleniumLibrary">
<msg time="2024-08-27T23:03:09.503444" level="INFO">Opening browser 'Chrome' to base url 'https://www.sogeti.com/'.</msg>
<arg>${my_website}</arg>
<arg>${my_driver}</arg>
<arg>options=${options}</arg>
<doc>Opens a new browser instance to the optional ``url``.</doc>
<status status="PASS" start="2024-08-27T23:03:09.502443" elapsed="11.236732"/>
</kw>
<arg>${my_website}</arg>
<arg>${my_driver}</arg>
<status status="PASS" start="2024-08-27T23:03:09.496444" elapsed="11.242731"/>
</kw>
<arg>${myWebsite}</arg>
<arg>${myDriver}</arg>
<status status="PASS" start="2024-08-27T23:03:09.496444" elapsed="11.242731"/>
</kw>
<kw name="And Benutzer maximiert das Fenster" owner="Home_Page_German">
<kw name="Maximize Browser Window" owner="SeleniumLibrary">
<doc>Maximizes current browser window.</doc>
<status status="PASS" start="2024-08-27T23:03:20.740205" elapsed="0.077344"/>
</kw>
<status status="PASS" start="2024-08-27T23:03:20.740205" elapsed="0.078342"/>
</kw>
<kw name="And Benutzer akzeptiert den cookies" owner="Home_Page_German">
<kw name="Accept cookies" owner="Home_Page">
<kw name="Run Keyword And Return Status" owner="BuiltIn">
<kw name="Element Should Be Visible" owner="SeleniumLibrary">
<msg time="2024-08-27T23:03:20.871554" level="INFO">Element '//button[@class="acceptCookie"]' is displayed.</msg>
<arg>${acceptCookies}</arg>
<doc>Verifies that the element identified by ``locator`` is visible.</doc>
<status status="PASS" start="2024-08-27T23:03:20.821548" elapsed="0.050006"/>
</kw>
<msg time="2024-08-27T23:03:20.872558" level="INFO">${accept_button_visible} = True</msg>
<var>${accept_button_visible}</var>
<arg>Element Should Be Visible</arg>
<arg>${acceptCookies}</arg>
<doc>Runs the given keyword with given arguments and returns the status as a Boolean value.</doc>
<status status="PASS" start="2024-08-27T23:03:20.821548" elapsed="0.051010"/>
</kw>
<kw name="Run Keyword If" owner="BuiltIn">
<kw name="Click Element" owner="SeleniumLibrary">
<msg time="2024-08-27T23:03:20.874117" level="INFO">Clicking element '//button[@class="acceptCookie"]'.</msg>
<arg>${acceptCookies}</arg>
<doc>Click the element identified by ``locator``.</doc>
<status status="PASS" start="2024-08-27T23:03:20.874117" elapsed="4.003625"/>
</kw>
<arg>${accept_button_visible}</arg>
<arg>Click Element</arg>
<arg>${acceptCookies}</arg>
<doc>Runs the given keyword with the given arguments, if ``condition`` is true.</doc>
<status status="PASS" start="2024-08-27T23:03:20.872558" elapsed="4.006183"/>
</kw>
<status status="PASS" start="2024-08-27T23:03:20.820549" elapsed="4.058192"/>
</kw>
<status status="PASS" start="2024-08-27T23:03:20.819549" elapsed="4.059192"/>
</kw>
<kw name="When Benutzer klickt auf Dropdown &quot;Worldwide&quot;" owner="Home_Page_German">
<kw name="User clicks to view all countries" owner="Home_Page">
<kw name="Click BTN" owner="Generals">
<kw name="Wait Until Element Is Visible" owner="SeleniumLibrary">
<arg>${locator}</arg>
<doc>Waits until the element ``locator`` is visible.</doc>
<status status="PASS" start="2024-08-27T23:03:24.881743" elapsed="0.043238"/>
</kw>
<kw name="Scroll Element Into View" owner="SeleniumLibrary">
<arg>${locator}</arg>
<doc>Scrolls the element identified by ``locator`` into view.</doc>
<status status="PASS" start="2024-08-27T23:03:24.924981" elapsed="0.306003"/>
</kw>
<kw name="Click Element" owner="SeleniumLibrary">
<msg time="2024-08-27T23:03:25.231988" level="INFO">Clicking element '//div[@aria-controls="country-list-id"]'.</msg>
<arg>${locator}</arg>
<doc>Click the element identified by ``locator``.</doc>
<status status="PASS" start="2024-08-27T23:03:25.231988" elapsed="0.085734"/>
</kw>
<arg>${worldwideDropdown}</arg>
<status status="PASS" start="2024-08-27T23:03:24.881743" elapsed="0.435979"/>
</kw>
<status status="PASS" start="2024-08-27T23:03:24.880740" elapsed="0.437939"/>
</kw>
<status status="PASS" start="2024-08-27T23:03:24.879740" elapsed="0.438939"/>
</kw>
<kw name="Then Benutzer überprüft, dass die spezifischen Länder-Links funktionieren" owner="Home_Page_German">
<kw name="Validate Country Specific Sogeti Links" owner="Home_Page">
<kw name="Get WebElements" owner="SeleniumLibrary">
<msg time="2024-08-27T23:03:25.346208" level="INFO">${thecountry_links} = [&lt;selenium.webdriver.remote.webelement.WebElement (session="ca8e849568baee430486f4481a87782e", element="f.BF302571FA8E4EF333CEDE294F45FAEF.d.34C2BA16BA66FD5D098DC7E4E3B710F2.e.4249")&gt;, &lt;selenium.webdr...</msg>
<var>${thecountry_links}</var>
<arg>${countryLinks}</arg>
<doc>Returns a list of WebElement objects matching the ``locator``.</doc>
<status status="PASS" start="2024-08-27T23:03:25.320683" elapsed="0.025525"/>
</kw>
<for flavor="IN">
<iter>
<kw name="Get Element Attribute" owner="SeleniumLibrary">
<msg time="2024-08-27T23:03:25.361662" level="INFO">${url} = https://www.sogeti.be/</msg>
<var>${url}</var>
<arg>${link}</arg>
<arg>href</arg>
<doc>Returns the value of ``attribute`` from the element ``locator``.</doc>
<status status="PASS" start="2024-08-27T23:03:25.347207" elapsed="0.015455"/>
</kw>
<kw name="Create Session" owner="RequestsLibrary">
<msg time="2024-08-27T23:03:25.362662" level="INFO">Creating Session using : alias=sogeti, url=https://www.sogeti.be/, headers={},                     cookies={}, auth=None, timeout=None, proxies=None, verify=False,                     debug=0 </msg>
<arg>sogeti</arg>
<arg>${url}</arg>
<doc>Create Session: create a HTTP session to a server</doc>
<status status="PASS" start="2024-08-27T23:03:25.362662" elapsed="0.001107"/>
</kw>
<kw name="GET On Session" owner="RequestsLibrary">
<msg time="2024-08-27T23:03:26.177864" level="INFO">GET Request : url=https://www.sogeti.be/ 
 path_url=/ 
 headers={'User-Agent': 'python-requests/2.32.3', 'Accept-Encoding': 'gzip, deflate', 'Accept': '*/*', 'Connection': 'keep-alive'} 
 body=None 
 </msg>
<msg time="2024-08-27T23:03:26.177864" level="INFO">GET Response : url=https://www.sogeti.be/ 
 status=200, reason=OK 
 headers={'Cache-Control': 'private,no-cache, no-store, must-revalidate, pre-check=0, post-check=0, max-age=0, s-maxage=0', 'Pragma': 'no-cache', 'Content-Type': 'text/html; charset=utf-8', 'Expires': '0', 'Server': '', 'Set-Cookie': 'ASP.NET_SessionId=lfmjsavsubxbpzhg10j4ftid; path=/; HttpOnly; SameSite=Lax, BIGipServer~SOGETIUK~www.sogeti.com_HTTP_Pool=1736771338.20480.0000; path=/; Httponly; Secure', 'Access-Control-Allow-Origin': '*', 'X-Frame-Options': 'SAMEORIGIN', 'X-Content-Type-Options': 'nosniff', 'Strict-Transport-Security': 'max-age=31536000; includeSubDomains', 'Referrer-Policy': 'strict-origin-when-cross-origin', 'Feature-Policy': "accelerometer 'none'; camera 'none'; geolocation 'none'; gyroscope 'none'; magnetometer 'none'; microphone 'none'; payment 'none'; usb 'none'", 'Zontent-Security-Policy': "\r\n              default-src 'self'; \r\n              script-src 'self' 'unsafe-eval' data: 'unsafe-inline' https://static-eu.jobylon.com http://cdn.lightwidget.com http://lightwidget.com https://www.youtube.com http://dl.episerver.net https://dl.episerver.net https://platform.twitter.com https://www.googletagmanager.com http://cdn.pardot.com https://pi.pardot.com http://pi.pardot.com https://static.hotjar.com https://script.hotjar.com https://stats.g.doubleclick.net https://snap.licdn.com https://www.google-analytics.com https://www.google.com http://go.capgeminigroup.com https://cdn.jobylon.com https://static-eu.jobylon.com https://code.jquery.com http://code.jquery.com http://cdnjs.cloudflare.com https://www.gstatic.com;                           \r\n              script-src-elem 'self' 'unsafe-eval' data: 'unsafe-inline' https://static-eu.jobylon.com https://cdn.jobylon.com https://emp.jobylon.com https://www.google.com https://ff.kis.v2.scr.kaspersky-labs.com https://apis.google.com http://code.jquery.com http://cdnjs.cloudflare.com http://pi.pardot.com https://dl.episerver.net https://static.hotjar.com https://www.youtube.com https://snap.licdn.com http://cdn.pardot.com http://go.capgeminigroup.com https://www.gstatic.com http://lightwidget.com https://cdn.lightwidget.com http://platform.twitter.com https://www.google-analytics.com https://www.googletagmanager.com https://tag.goldenbees.fr https://cdn.goldenbees.fr https://connect.facebook.net https://tags.inzynk.io https://analytics.inzynk.io https://analytics.inzynk.io/ https://connect.facebook.net https://region1.google-analytics.com https://www.facebook.com https://www.google.de https://script.hotjar.com https://www.googleadservices.com https://googleads.g.doubleclick.net https://ajax.googleapis.com;\r\n              style-src 'self' 'unsafe-inline' data: https://dl.episerver.net/ https://fonts.googleapis.com http://fonts.googleapis.com http://maxcdn.bootstrapcdn.com; \r\n              style-src-elem 'self' 'unsafe-inline' data: https://dl.episerver.net/ http://fonts.googleapis.com http://maxcdn.bootstrapcdn.com http://custom-joblist.s3.amazonaws.com https://www.gstatic.com;\r\n              frame-src 'self' https://www.youtube.com https://mumfw.corp.capgemini.com https://embed.acast.com https://player.vimeo.com https://share.transistor.fm https://feedback-pa.clients6.google.com https://pi.pardot.com https://www.google.com https://go.pardot.com http://lightwidget.com https://www.youtube-nocookie.com https://cdn.jobylon.com https://go.capgeminigroup.com https://cdn.lightwidget.com https://platform.twitter.com https://td.doubleclick.net https://syndication.twitter.com https://blr2fw.corp.capgemini.com https://www.facebook.com; \r\n              font-src 'self' data: https://fonts.gstatic.com http://fonts.gstatic.com http://maxcdn.bootstrapcdn.com https://github.com; \r\n              img-src 'self' data: blob: https://prod.ucwe.capgemini.com https://i1.wp.com https://www.google.lk https://www.google.com.mx https://www.google.hu https://www.google.com.co https://www.google.pt https://www.google.com.br https://www.google.pl https://www.google.co.th https://www.google.lu https://media.licdn.com https://www.sogeti.fi https://www.capgemini.com https://www.sogeti.be https://www.google.co.jp https://adservice.google.com https://www.google.it https://www.google.com.ph https://www.google.at http://labs.sogeti.com https://www.google.tn https://www.google.com https://translate.google.com https://fonts.gstatic.com https://www.google.se https://www.google.no https://www.googletagmanager.com https://translate.google.com https://i.ytimg.com https://www.google.fr  https://insight.adsrvr.org https://match.adsrvr.org https://region1.google-analytics.com https://www.google.fr https://www.facebook.com https://insight.adsrvr.org https://match.adsrvr.org https://www.sogeti.com https://www.google.fi https://px.ads.linkedin.com https://www.google-analytics.com https://googleads.g.doubleclick.net https://www.google.de https://www.google.co.id https://www.google.ie https://www.google.co.in https://www.google.co.uk https://www.google.nl https://www.google.com.gh https://www.google.be https://www.google.es https://www.google.co.ma https://www.google.co.uk https://syndication.twitter.com https://www.google.dz https://www.google.com.au https://www.google.mu https://www.google.sk https://www.google.fr https://www.google.ca https://static-eu.jobylon.com https://media-eu.jobylon.com https://www.google.dk https://www.google.com.sg http://img.rule.io https://img.rule.io;\r\n              connect-src 'self' https://stats.g.doubleclick.net https://px.ads.linkedin.com https://script.hotjar.com https://content.hotjar.io https://metrics.hotjar.io https://www.analytics.google.com https://www.google.nl https://www.google-analytics.com https://region1.analytics.google.com https://region1.google-analytics.com https://analytics.inzynk.io https://connect.facebook.net https://tags.inzynk.io https://adservice.google.com https://analytics.google.com https://translate-pa.googleapis.com https://ws.hotjar.com https://analytics.google.com https://www.google.be https://vc.hotjar.io https://www.google.com.au https://www.google.fi https://www.google.fr https://emp.jobylon.com https://www.google.co.in https://translate.googleapis.com https://www.facebook.com;\r\n              media-src 'self' https://media.blubrry.com https://media.effekten.se;\r\n              object-src 'none';\r\n              report-uri /api/csp/; ", 'Expect-CT': 'enforce, max-age=300, report-uri /api/csp/;', 'Date': 'Tue, 27 Aug 2024 21:03:25 GMT', 'Content-Length': '98491', 'Content-security-policy': "default-src https://*.zscloud.net 'self'; \r\n              script-src 'self' 'unsafe-eval' data: 'unsafe-inline' https://static-eu.jobylon.com http://cdn.lightwidget.com http://lightwidget.com https://www.youtube.com http://dl.episerver.net https://dl.episerver.net https://platform.twitter.com https://www.googletagmanager.com http://cdn.pardot.com https://pi.pardot.com http://pi.pardot.com https://static.hotjar.com https://script.hotjar.com https://stats.g.doubleclick.net https://snap.licdn.com https://www.google-analytics.com https://www.google.com http://go.capgeminigroup.com https://cdn.jobylon.com https://static-eu.jobylon.com https://code.jquery.com http://code.jquery.com http://cdnjs.cloudflare.com https://www.gstatic.com;                           \r\n              script-src-elem 'self' 'unsafe-eval' data: 'unsafe-inline' https://static-eu.jobylon.com https://cdn.jobylon.com https://emp.jobylon.com https://www.google.com https://ff.kis.v2.scr.kaspersky-labs.com https://apis.google.com http://code.jquery.com http://cdnjs.cloudflare.com http://pi.pardot.com https://dl.episerver.net https://static.hotjar.com https://www.youtube.com https://snap.licdn.com http://cdn.pardot.com http://go.capgeminigroup.com https://www.gstatic.com http://lightwidget.com https://cdn.lightwidget.com http://platform.twitter.com https://www.google-analytics.com https://www.googletagmanager.com https://tag.goldenbees.fr https://cdn.goldenbees.fr https://connect.facebook.net https://tags.inzynk.io https://analytics.inzynk.io https://analytics.inzynk.io/ https://connect.facebook.net https://region1.google-analytics.com https://www.facebook.com https://www.google.de https://script.hotjar.com https://www.googleadservices.com https://googleads.g.doubleclick.net https://ajax.googleapis.com; \r\n              style-src 'self' 'unsafe-inline' data: https://dl.episerver.net/ https://fonts.googleapis.com http://fonts.googleapis.com http://maxcdn.bootstrapcdn.com; \r\n              style-src-elem 'self' 'unsafe-inline' data: https://dl.episerver.net/ http://fonts.googleapis.com http://maxcdn.bootstrapcdn.com http://custom-joblist.s3.amazonaws.com https://www.gstatic.com; \r\n              frame-src 'self' https://www.youtube.com https://mumfw.corp.capgemini.com https://embed.acast.com https://player.vimeo.com https://share.transistor.fm https://feedback-pa.clients6.google.com https://pi.pardot.com https://www.google.com https://go.pardot.com http://lightwidget.com https://www.youtube-nocookie.com https://cdn.jobylon.com https://go.capgeminigroup.com https://cdn.lightwidget.com https://platform.twitter.com https://td.doubleclick.net https://syndication.twitter.com https://blr2fw.corp.capgemini.com https://www.facebook.com; \r\n              font-src 'self' data: https://fonts.gstatic.com http://fonts.gstatic.com http://maxcdn.bootstrapcdn.com https://github.com; \r\n              img-src 'self' data: blob: https://prod.ucwe.capgemini.com https://i1.wp.com https://www.google.lk https://www.google.com.mx https://www.google.hu https://www.google.com.co https://www.google.pt https://www.google.com.br https://www.google.pl https://www.google.co.th https://www.google.lu https://media.licdn.com https://www.sogeti.fi https://www.capgemini.com https://www.sogeti.be https://www.google.co.jp https://adservice.google.com https://www.google.it https://www.google.com.ph https://www.google.at http://labs.sogeti.com https://www.google.tn https://www.google.com https://translate.google.com https://fonts.gstatic.com https://www.google.se https://www.google.no https://www.googletagmanager.com https://translate.google.com https://i.ytimg.com https://www.google.fr  https://insight.adsrvr.org https://match.adsrvr.org https://region1.google-analytics.com https://www.google.fr https://www.facebook.com https://insight.adsrvr.org https://match.adsrvr.org https://www.sogeti.com https://www.google.fi https://px.ads.linkedin.com https://www.google-analytics.com https://googleads.g.doubleclick.net https://www.google.de https://www.google.co.id https://www.google.ie https://www.google.co.in https://www.google.co.uk https://www.google.nl https://www.google.com.gh https://www.google.be https://www.google.es https://www.google.co.ma https://www.google.co.uk https://syndication.twitter.com https://www.google.dz https://www.google.com.au https://www.google.mu https://www.google.sk https://www.google.fr https://www.google.ca https://static-eu.jobylon.com https://media-eu.jobylon.com https://www.google.dk https://www.google.com.sg http://img.rule.io https://img.rule.io; \r\n              connect-src 'self' https://stats.g.doubleclick.net https://px.ads.linkedin.com https://script.hotjar.com https://content.hotjar.io https://metrics.hotjar.io https://www.analytics.google.com https://www.google.nl https://www.google-analytics.com https://region1.analytics.google.com https://region1.google-analytics.com https://analytics.inzynk.io https://connect.facebook.net https://tags.inzynk.io https://adservice.google.com https://analytics.google.com https://translate-pa.googleapis.com https://ws.hotjar.com https://analytics.google.com https://www.google.be https://vc.hotjar.io https://www.google.com.au https://www.google.fi https://www.google.fr https://emp.jobylon.com https://www.google.co.in https://translate.googleapis.com https://www.facebook.com; \r\n              media-src 'self' https://media.blubrry.com https://media.effekten.se; \r\n              object-src 'none'; \r\n              report-uri /api/csp/;"} 
 body=&lt;!DOCTYPE html&gt;

&lt;html class="no-js" xmlns:ng="http://angularjs.org" prefix="og: http://ogp.me/ns#" lang="en" id="ng-app"
      ng-app="sogetiApp"&gt;

&lt;head&gt;
    
    &lt;script src="/scripts/jquer?v=W0C7E177SntjViw9hkQSlQpko-hF_JrsXZCWOZK10UI1"&gt;&lt;/script&gt;

    
    &lt;!-- EpiMonitor --&gt;

    &lt;meta charset="utf-8" /&gt;
    &lt;meta http-equiv="X-UA-Compatible" content="IE=edge"&gt;
    &lt;meta name="viewport" content="width=device-width, initial-scale=1.0"&gt;
    &lt;title&gt;Sogeti Belgium&lt;/title&gt;

    &lt;meta property="og:title" content="Belgium" /&gt;
    &lt;meta property="og:description" content="Belgium" /&gt;
    &lt;meta property="og:site_name" content="Sogeti Belgium" /&gt;
    &lt;meta property="og:url" content="https://www.sogeti.be/" /&gt;
    &lt;meta property="og:image" content="https://www.sogeti.be/" /&gt;
    

    &lt;meta property="og:type" content="website" /&gt;

    
    &lt;meta itemprop="name" content="Belgium" /&gt;
    &lt;meta itemprop="description" content="Belgium" /&gt;

    
    &lt;meta name="twitter:card" content="summary" /&gt;
    &lt;meta name="twitter:title" content="Belgium" /&gt;
    &lt;meta name="twitter:description" content="Belgium" /&gt;
    &lt;meta name="twitter:image" content="https://www.sogeti.be/" /&gt;

    &lt;meta name="EpiMonitor" content="On" /&gt;
    &lt;meta name="description" content="Belgium"&gt;
    &lt;meta name="keywords" content=""&gt;
    &lt;meta name="viewport" content="width=device-width, initial-scale=1"&gt;
    &lt;meta name="Date" content="Wed, 21 Feb 2024 16:11:36 GMT;" /&gt;
    &lt;meta name="Creation_Date" content=" 2015-51-13 11:51" /&gt;
    &lt;meta name="Last-Modified" content="Wed, 21 Feb 2024 16:11:36 GMT;" /&gt;
    &lt;link href="https://www.sogeti.be/" rel="canonical" /&gt;


    &lt;!-- Place favicon.ico and apple-touch-icon.png in the root directory --&gt;
    &lt;link href="/styles?v=NhTDTSzNtPVPMRCZfmX5C9Yh9qZd6yX9tesgTKsyK581" rel="stylesheet"/&gt;


    
     

    &lt;!--[if IE 8]&gt;
        &lt;style&gt;
            #wrapper {
                min-width: 1200px;
            }
            .pufftext-medium {
                    font-size: 36px!important;
            }
            .pufftext-small1 {
                    font-size: 24px!important;
            }
            .pufftext-small2 {
                    font-size: 24px!important;
            }
           .third{
                clear:both;
            }
            .r-tabs .r-tabs-nav .r-tabs-tab {
                margin-right: 1px;
            }
        &lt;/style&gt;
    &lt;![endif]--&gt;
    &lt;script&gt;


    var baseUrl = '/search/Autocomplete', loadMoreText = 'Load more', loadMoreAriaLabel = '', newwindowtext = 'new window', slideSpeed = 5000, slideNextText = 'Next slide', slidePrevText = 'Previous slide';&lt;/script&gt;
    &lt;link href="https://fonts.googleapis.com/css?family=Ubuntu" rel="stylesheet"&gt;
    &lt;link href="https://fonts.googleapis.com/css?family=Ubuntu+Mono" rel="stylesheet"&gt;
&lt;/head&gt;
&lt;body id="pageTop"&gt;
    
    
    
    &lt;div id="wrapper"&gt;

&lt;header role="banner" id="header" class=" clearfix"&gt;
    &lt;div class="hiddenShortcuts"&gt;
        &lt;a href="#main-menu" id="mainmenu-shortcut" class="button" tabindex="0" target="_self"&gt;
        To menu
      &lt;/a&gt;
        
        &lt;a href="#primary_content" id="maincontent-shortcut" class="button" tabindex="0" target="_self"&gt;
        To main content
      &lt;/a&gt;
    &lt;/div&gt;

    &lt;div class="desktop_wrapper"&gt;
        &lt;!-- Logo and burger navigation --&gt;
        &lt;!-- Navigation menu links and blocks --&gt;
        &lt;div class="desktop_firstrow"&gt;
                &lt;div class="levellogo"&gt;
                        &lt;div class="logo1"&gt;
                            &lt;a href="https://www.sogeti.be/"&gt;&lt;img src="/Static/img/sogeti-logo.svg" alt="Sogeti Logo" /&gt;&lt;/a&gt;
                        &lt;/div&gt;
                &lt;/div&gt;


            &lt;div class="navbar-header"&gt;
                &lt;div class="navbar-toggle"&gt;
                    &lt;img src="/static/img/menu-mobile-icon1.png" alt="Meny"&gt;
                    
                &lt;/div&gt;
                &lt;div class="navbar-right"&gt;
                    &lt;div class="navbar-search wake-search focus-style" tabindex="0" aria-expanded="false" aria-controls="search-box-id"&gt;
                        &lt;div class="sprite-header sprite-search-icon"&gt;&lt;/div&gt;
                        &lt;span aria-label="Search"&gt;Search&lt;/span&gt;
                        
                    &lt;/div&gt;
                    &lt;div class="navbar-global focus-style" tabindex="0" aria-expanded="false" aria-controls="country-list-id"&gt;
                        &lt;div class="sprite-header sprite-globe"&gt;&lt;/div&gt;
                        &lt;span aria-label="Worldwide"&gt;Worldwide&lt;/span&gt;
                        &lt;div class="sprite-header sprite-global-arrowdown"&gt;&lt;/div&gt;
                        
                    &lt;/div&gt;
                    &lt;!-- Language drop-down (not updated) --&gt;
                        &lt;div class="lang-spanner"&gt;
                            &lt;div class="header-lang focus-style" tabindex="0" aria-expanded="false" aria-controls="language-list-id"&gt;
                                &lt;span aria-label="en"&gt;en&lt;/span&gt;
                            &lt;/div&gt;
                        &lt;/div&gt;
                        &lt;div id="language-list-id" class="language-list" tabindex="-1"&gt;
                            &lt;ul&gt;
                                    &lt;li&gt;&lt;a target="_self" href="https://www.sogeti.be/fr"&gt;fr&lt;/a&gt;&lt;/li&gt;
                                    &lt;li&gt;&lt;a target="_self" href="https://www.sogeti.be/nl"&gt;nl&lt;/a&gt;&lt;/li&gt;
                            &lt;/ul&gt;
                        &lt;/div&gt;

                    &lt;!-- Search bar (not updated) --&gt;
                    &lt;div class="search"&gt;
                        &lt;div id="search-box-id" class="search-box-wrapper"&gt;
                            &lt;form id="SearchFormHeader" action="/search/" method="get"&gt;
                                &lt;div class="search-text-box" value="Search"&gt;
                                    
                                    &lt;label class="sr-only" for="q"&gt;Search&lt;/label&gt;
                                    &lt;input class="top-search" id="search-q" name="q" ng-non-bindable="" type="text" value="" /&gt;&lt;button class="search-button" onclick="document.forms['SearchFormHeader'].submit()"&gt;&lt;div class="search-butt sprite-header sprite-search-icon"&gt;&lt;/div&gt;&lt;span class="search-label"&gt;Search&lt;/span&gt;&lt;/button&gt;
                                &lt;/div&gt;
                            &lt;/form&gt;
                        &lt;/div&gt;
                    &lt;/div&gt;

                    &lt;!-- International pages drop-down menu (not updated) --&gt;
                        &lt;div id="country-list-id" class="country-list" style="display:none;" tabindex="-1"&gt;
                            &lt;ul&gt;
                                    &lt;li&gt;&lt;a href="https://www.sogeti.fi/" target="_blank" title="Finland"&gt;Finland&lt;/a&gt;&lt;/li&gt;
                                    &lt;li&gt;&lt;a href="https://www.fr.sogeti.com/" target="_blank" title="France"&gt;France&lt;/a&gt;&lt;/li&gt;
                                    &lt;li&gt;&lt;a href="https://www.sogeti.de/" target="_blank" title="Germany"&gt;Germany&lt;/a&gt;&lt;/li&gt;
                                    &lt;li&gt;&lt;a href="https://www.sogeti.ie/" target="_blank" title="Ireland"&gt;Ireland&lt;/a&gt;&lt;/li&gt;
                                    &lt;li&gt;&lt;a href="https://www.sogeti.lu/" target="_blank" title="Luxembourg"&gt;Luxembourg&lt;/a&gt;&lt;/li&gt;
                                    &lt;li&gt;&lt;a href="https://www.sogeti.nl/" target="_blank" title="Netherlands"&gt;Netherlands&lt;/a&gt;&lt;/li&gt;
                                    &lt;li&gt;&lt;a href="https://www.sogeti.no/" target="_blank" title="Norway"&gt;Norway&lt;/a&gt;&lt;/li&gt;
                                    &lt;li&gt;&lt;a href="https://www.sogeti.es/" target="_blank" title="Spain"&gt;Spain&lt;/a&gt;&lt;/li&gt;
                                    &lt;li&gt;&lt;a href="https://www.sogeti.se/" target="_blank" title="Sweden"&gt;Sweden&lt;/a&gt;&lt;/li&gt;
                                    &lt;li&gt;&lt;a href="https://www.uk.sogeti.com/" target="_blank" title="UK"&gt;UK&lt;/a&gt;&lt;/li&gt;
                                    &lt;li&gt;&lt;a href="https://www.us.sogeti.com/" target="_blank" title="USA"&gt;USA&lt;/a&gt;&lt;/li&gt;
                                    &lt;li&gt;&lt;a href="https://www.sogeti.com/" target="_blank" title="sogeti.com"&gt;sogeti.com&lt;/a&gt;&lt;/li&gt;
                            &lt;/ul&gt;
                        &lt;/div&gt;
                &lt;/div&gt;

                &lt;div class="navbar-brand"&gt;
                        &lt;div&gt;
                            &lt;a class="current" href="https://www.sogeti.be/"&gt;
                                &lt;img src="/Static/img/sogeti-logo.svg" alt="Sogeti Logo"&gt;
                            &lt;/a&gt;
                        &lt;/div&gt;
                &lt;/div&gt;
            &lt;/div&gt;

        &lt;/div&gt;
        &lt;nav aria-label="main menu" id="main-menu" class="main-menu-desktop"&gt;
            &lt;ul class="level0 clearfix"&gt;

                    &lt;li class=" has-children   level0 focus-style" tabindex="0" data-levelname="level0"&gt;
                        &lt;div class="wrapper"&gt;
                            &lt;span&gt;About us&lt;/span&gt;
                        &lt;/div&gt;
                        &lt;div class="mega-navbar refreshed level0" data-levelname="level0"&gt;
                            &lt;span class="heading"&gt;About us&lt;/span&gt;
                            &lt;ul class="level1"&gt;
                                    &lt;li class="   "&gt;
                                            &lt;a class="subMenuLink" href="https://www.sogeti.be/about-sogeti/sogeti-in-short/"&gt;Sogeti in short&lt;/a&gt;
                                    &lt;/li&gt;
                                    &lt;li class="   "&gt;
                                            &lt;a class="subMenuLink" href="https://www.sogeti.be/about-sogeti/our-presence/"&gt;Our presence&lt;/a&gt;
                                    &lt;/li&gt;
                                    &lt;li class="   "&gt;
                                            &lt;a class="subMenuLink" href="https://www.sogeti.be/about-sogeti/who-we-are/"&gt;Who we are&lt;/a&gt;
                                    &lt;/li&gt;
                                    &lt;li class="   "&gt;
             ... (set the log level to DEBUG or TRACE to see the full content) 
 </msg>
<msg time="2024-08-27T23:03:26.178864" level="INFO">C:\Users\goudaa\AppData\Local\Programs\Python\Python312\Lib\site-packages\urllib3\connectionpool.py:1103: InsecureRequestWarning: Unverified HTTPS request is being made to host 'www.sogeti.be'. Adding certificate verification is strongly advised. See: https://urllib3.readthedocs.io/en/latest/advanced-usage.html#tls-warnings
  warnings.warn(</msg>
<msg time="2024-08-27T23:03:26.179860" level="INFO">${response} = &lt;Response [200]&gt;</msg>
<var>${response}</var>
<arg>sogeti</arg>
<arg>${url}</arg>
<doc>Sends a GET request on a previously created HTTP Session.</doc>
<status status="PASS" start="2024-08-27T23:03:25.363769" elapsed="0.816091"/>
</kw>
<kw name="Log" owner="BuiltIn">
<msg time="2024-08-27T23:03:26.180903" level="INFO">200</msg>
<arg>${response.status_code}</arg>
<doc>Logs the given message with the given level.</doc>
<status status="PASS" start="2024-08-27T23:03:26.179860" elapsed="0.001043"/>
</kw>
<kw name="Should Be Equal As Numbers" owner="BuiltIn">
<msg time="2024-08-27T23:03:26.181860" level="INFO">Argument types are:
&lt;class 'int'&gt;
&lt;class 'str'&gt;</msg>
<arg>${response.status_code}</arg>
<arg>200</arg>
<doc>Fails if objects are unequal after converting them to real numbers.</doc>
<status status="PASS" start="2024-08-27T23:03:26.181860" elapsed="0.000000"/>
</kw>
<kw name="Sleep" owner="BuiltIn">
<msg time="2024-08-27T23:03:27.183108" level="INFO">Slept 1 second.</msg>
<arg>1s</arg>
<doc>Pauses the test executed for the given time.</doc>
<status status="PASS" start="2024-08-27T23:03:26.181860" elapsed="1.001248"/>
</kw>
<var name="${link}">&lt;selenium.webdriver.remote.webelement.WebElement (session="ca8e849568baee430486f4481a87782e", element="f.BF302571FA8E4EF333CEDE294F45FAEF.d.34C2BA16BA66FD5D098DC7E4E3B710F2.e.4249")&gt;</var>
<status status="PASS" start="2024-08-27T23:03:25.347207" elapsed="1.835901"/>
</iter>
<iter>
<kw name="Get Element Attribute" owner="SeleniumLibrary">
<msg time="2024-08-27T23:03:27.192120" level="INFO">${url} = https://www.sogeti.fi/</msg>
<var>${url}</var>
<arg>${link}</arg>
<arg>href</arg>
<doc>Returns the value of ``attribute`` from the element ``locator``.</doc>
<status status="PASS" start="2024-08-27T23:03:27.184114" elapsed="0.008006"/>
</kw>
<kw name="Create Session" owner="RequestsLibrary">
<msg time="2024-08-27T23:03:27.193121" level="INFO">Creating Session using : alias=sogeti, url=https://www.sogeti.fi/, headers={},                     cookies={}, auth=None, timeout=None, proxies=None, verify=False,                     debug=0 </msg>
<arg>sogeti</arg>
<arg>${url}</arg>
<doc>Create Session: create a HTTP session to a server</doc>
<status status="PASS" start="2024-08-27T23:03:27.192120" elapsed="0.001001"/>
</kw>
<kw name="GET On Session" owner="RequestsLibrary">
<msg time="2024-08-27T23:03:28.012666" level="INFO">GET Request : url=https://www.sogeti.fi/ 
 path_url=/ 
 headers={'User-Agent': 'python-requests/2.32.3', 'Accept-Encoding': 'gzip, deflate', 'Accept': '*/*', 'Connection': 'keep-alive'} 
 body=None 
 </msg>
<msg time="2024-08-27T23:03:28.013959" level="INFO">GET Response : url=https://www.sogeti.fi/ 
 status=200, reason=OK 
 headers={'Cache-Control': 'private,no-cache, no-store, must-revalidate, pre-check=0, post-check=0, max-age=0, s-maxage=0', 'Pragma': 'no-cache', 'Content-Type': 'text/html; charset=utf-8', 'Expires': '0', 'Server': '', 'Set-Cookie': 'ASP.NET_SessionId=pxmhskgcrrqjhh14lsccwsup; path=/; HttpOnly; SameSite=Lax, BIGipServer~SOGETIUK~www.sogeti.com_HTTP_Pool=1736771338.20480.0000; path=/; Httponly; Secure', 'Access-Control-Allow-Origin': '*', 'X-Frame-Options': 'SAMEORIGIN', 'X-Content-Type-Options': 'nosniff', 'Strict-Transport-Security': 'max-age=31536000; includeSubDomains', 'Referrer-Policy': 'strict-origin-when-cross-origin', 'Feature-Policy': "accelerometer 'none'; camera 'none'; geolocation 'none'; gyroscope 'none'; magnetometer 'none'; microphone 'none'; payment 'none'; usb 'none'", 'Zontent-Security-Policy': "\r\n              default-src 'self'; \r\n              script-src 'self' 'unsafe-eval' data: 'unsafe-inline' https://static-eu.jobylon.com http://cdn.lightwidget.com http://lightwidget.com https://www.youtube.com http://dl.episerver.net https://dl.episerver.net https://platform.twitter.com https://www.googletagmanager.com http://cdn.pardot.com https://pi.pardot.com http://pi.pardot.com https://static.hotjar.com https://script.hotjar.com https://stats.g.doubleclick.net https://snap.licdn.com https://www.google-analytics.com https://www.google.com http://go.capgeminigroup.com https://cdn.jobylon.com https://static-eu.jobylon.com https://code.jquery.com http://code.jquery.com http://cdnjs.cloudflare.com https://www.gstatic.com;                           \r\n              script-src-elem 'self' 'unsafe-eval' data: 'unsafe-inline' https://static-eu.jobylon.com https://cdn.jobylon.com https://emp.jobylon.com https://www.google.com https://ff.kis.v2.scr.kaspersky-labs.com https://apis.google.com http://code.jquery.com http://cdnjs.cloudflare.com http://pi.pardot.com https://dl.episerver.net https://static.hotjar.com https://www.youtube.com https://snap.licdn.com http://cdn.pardot.com http://go.capgeminigroup.com https://www.gstatic.com http://lightwidget.com https://cdn.lightwidget.com http://platform.twitter.com https://www.google-analytics.com https://www.googletagmanager.com https://tag.goldenbees.fr https://cdn.goldenbees.fr https://connect.facebook.net https://tags.inzynk.io https://analytics.inzynk.io https://analytics.inzynk.io/ https://connect.facebook.net https://region1.google-analytics.com https://www.facebook.com https://www.google.de https://script.hotjar.com https://www.googleadservices.com https://googleads.g.doubleclick.net https://ajax.googleapis.com;\r\n              style-src 'self' 'unsafe-inline' data: https://dl.episerver.net/ https://fonts.googleapis.com http://fonts.googleapis.com http://maxcdn.bootstrapcdn.com; \r\n              style-src-elem 'self' 'unsafe-inline' data: https://dl.episerver.net/ http://fonts.googleapis.com http://maxcdn.bootstrapcdn.com http://custom-joblist.s3.amazonaws.com https://www.gstatic.com;\r\n              frame-src 'self' https://www.youtube.com https://mumfw.corp.capgemini.com https://embed.acast.com https://player.vimeo.com https://share.transistor.fm https://feedback-pa.clients6.google.com https://pi.pardot.com https://www.google.com https://go.pardot.com http://lightwidget.com https://www.youtube-nocookie.com https://cdn.jobylon.com https://go.capgeminigroup.com https://cdn.lightwidget.com https://platform.twitter.com https://td.doubleclick.net https://syndication.twitter.com https://blr2fw.corp.capgemini.com https://www.facebook.com; \r\n              font-src 'self' data: https://fonts.gstatic.com http://fonts.gstatic.com http://maxcdn.bootstrapcdn.com https://github.com; \r\n              img-src 'self' data: blob: https://prod.ucwe.capgemini.com https://i1.wp.com https://www.google.lk https://www.google.com.mx https://www.google.hu https://www.google.com.co https://www.google.pt https://www.google.com.br https://www.google.pl https://www.google.co.th https://www.google.lu https://media.licdn.com https://www.sogeti.fi https://www.capgemini.com https://www.sogeti.be https://www.google.co.jp https://adservice.google.com https://www.google.it https://www.google.com.ph https://www.google.at http://labs.sogeti.com https://www.google.tn https://www.google.com https://translate.google.com https://fonts.gstatic.com https://www.google.se https://www.google.no https://www.googletagmanager.com https://translate.google.com https://i.ytimg.com https://www.google.fr  https://insight.adsrvr.org https://match.adsrvr.org https://region1.google-analytics.com https://www.google.fr https://www.facebook.com https://insight.adsrvr.org https://match.adsrvr.org https://www.sogeti.com https://www.google.fi https://px.ads.linkedin.com https://www.google-analytics.com https://googleads.g.doubleclick.net https://www.google.de https://www.google.co.id https://www.google.ie https://www.google.co.in https://www.google.co.uk https://www.google.nl https://www.google.com.gh https://www.google.be https://www.google.es https://www.google.co.ma https://www.google.co.uk https://syndication.twitter.com https://www.google.dz https://www.google.com.au https://www.google.mu https://www.google.sk https://www.google.fr https://www.google.ca https://static-eu.jobylon.com https://media-eu.jobylon.com https://www.google.dk https://www.google.com.sg http://img.rule.io https://img.rule.io;\r\n              connect-src 'self' https://stats.g.doubleclick.net https://px.ads.linkedin.com https://script.hotjar.com https://content.hotjar.io https://metrics.hotjar.io https://www.analytics.google.com https://www.google.nl https://www.google-analytics.com https://region1.analytics.google.com https://region1.google-analytics.com https://analytics.inzynk.io https://connect.facebook.net https://tags.inzynk.io https://adservice.google.com https://analytics.google.com https://translate-pa.googleapis.com https://ws.hotjar.com https://analytics.google.com https://www.google.be https://vc.hotjar.io https://www.google.com.au https://www.google.fi https://www.google.fr https://emp.jobylon.com https://www.google.co.in https://translate.googleapis.com https://www.facebook.com;\r\n              media-src 'self' https://media.blubrry.com https://media.effekten.se;\r\n              object-src 'none';\r\n              report-uri /api/csp/; ", 'Expect-CT': 'enforce, max-age=300, report-uri /api/csp/;', 'Date': 'Tue, 27 Aug 2024 21:03:26 GMT', 'Content-Length': '97106', 'Content-security-policy': "default-src https://*.zscloud.net 'self'; \r\n              script-src 'self' 'unsafe-eval' data: 'unsafe-inline' https://static-eu.jobylon.com http://cdn.lightwidget.com http://lightwidget.com https://www.youtube.com http://dl.episerver.net https://dl.episerver.net https://platform.twitter.com https://www.googletagmanager.com http://cdn.pardot.com https://pi.pardot.com http://pi.pardot.com https://static.hotjar.com https://script.hotjar.com https://stats.g.doubleclick.net https://snap.licdn.com https://www.google-analytics.com https://www.google.com http://go.capgeminigroup.com https://cdn.jobylon.com https://static-eu.jobylon.com https://code.jquery.com http://code.jquery.com http://cdnjs.cloudflare.com https://www.gstatic.com;                           \r\n              script-src-elem 'self' 'unsafe-eval' data: 'unsafe-inline' https://static-eu.jobylon.com https://cdn.jobylon.com https://emp.jobylon.com https://www.google.com https://ff.kis.v2.scr.kaspersky-labs.com https://apis.google.com http://code.jquery.com http://cdnjs.cloudflare.com http://pi.pardot.com https://dl.episerver.net https://static.hotjar.com https://www.youtube.com https://snap.licdn.com http://cdn.pardot.com http://go.capgeminigroup.com https://www.gstatic.com http://lightwidget.com https://cdn.lightwidget.com http://platform.twitter.com https://www.google-analytics.com https://www.googletagmanager.com https://tag.goldenbees.fr https://cdn.goldenbees.fr https://connect.facebook.net https://tags.inzynk.io https://analytics.inzynk.io https://analytics.inzynk.io/ https://connect.facebook.net https://region1.google-analytics.com https://www.facebook.com https://www.google.de https://script.hotjar.com https://www.googleadservices.com https://googleads.g.doubleclick.net https://ajax.googleapis.com; \r\n              style-src 'self' 'unsafe-inline' data: https://dl.episerver.net/ https://fonts.googleapis.com http://fonts.googleapis.com http://maxcdn.bootstrapcdn.com; \r\n              style-src-elem 'self' 'unsafe-inline' data: https://dl.episerver.net/ http://fonts.googleapis.com http://maxcdn.bootstrapcdn.com http://custom-joblist.s3.amazonaws.com https://www.gstatic.com; \r\n              frame-src 'self' https://www.youtube.com https://mumfw.corp.capgemini.com https://embed.acast.com https://player.vimeo.com https://share.transistor.fm https://feedback-pa.clients6.google.com https://pi.pardot.com https://www.google.com https://go.pardot.com http://lightwidget.com https://www.youtube-nocookie.com https://cdn.jobylon.com https://go.capgeminigroup.com https://cdn.lightwidget.com https://platform.twitter.com https://td.doubleclick.net https://syndication.twitter.com https://blr2fw.corp.capgemini.com https://www.facebook.com; \r\n              font-src 'self' data: https://fonts.gstatic.com http://fonts.gstatic.com http://maxcdn.bootstrapcdn.com https://github.com; \r\n              img-src 'self' data: blob: https://prod.ucwe.capgemini.com https://i1.wp.com https://www.google.lk https://www.google.com.mx https://www.google.hu https://www.google.com.co https://www.google.pt https://www.google.com.br https://www.google.pl https://www.google.co.th https://www.google.lu https://media.licdn.com https://www.sogeti.fi https://www.capgemini.com https://www.sogeti.be https://www.google.co.jp https://adservice.google.com https://www.google.it https://www.google.com.ph https://www.google.at http://labs.sogeti.com https://www.google.tn https://www.google.com https://translate.google.com https://fonts.gstatic.com https://www.google.se https://www.google.no https://www.googletagmanager.com https://translate.google.com https://i.ytimg.com https://www.google.fr  https://insight.adsrvr.org https://match.adsrvr.org https://region1.google-analytics.com https://www.google.fr https://www.facebook.com https://insight.adsrvr.org https://match.adsrvr.org https://www.sogeti.com https://www.google.fi https://px.ads.linkedin.com https://www.google-analytics.com https://googleads.g.doubleclick.net https://www.google.de https://www.google.co.id https://www.google.ie https://www.google.co.in https://www.google.co.uk https://www.google.nl https://www.google.com.gh https://www.google.be https://www.google.es https://www.google.co.ma https://www.google.co.uk https://syndication.twitter.com https://www.google.dz https://www.google.com.au https://www.google.mu https://www.google.sk https://www.google.fr https://www.google.ca https://static-eu.jobylon.com https://media-eu.jobylon.com https://www.google.dk https://www.google.com.sg http://img.rule.io https://img.rule.io; \r\n              connect-src 'self' https://stats.g.doubleclick.net https://px.ads.linkedin.com https://script.hotjar.com https://content.hotjar.io https://metrics.hotjar.io https://www.analytics.google.com https://www.google.nl https://www.google-analytics.com https://region1.analytics.google.com https://region1.google-analytics.com https://analytics.inzynk.io https://connect.facebook.net https://tags.inzynk.io https://adservice.google.com https://analytics.google.com https://translate-pa.googleapis.com https://ws.hotjar.com https://analytics.google.com https://www.google.be https://vc.hotjar.io https://www.google.com.au https://www.google.fi https://www.google.fr https://emp.jobylon.com https://www.google.co.in https://translate.googleapis.com https://www.facebook.com; \r\n              media-src 'self' https://media.blubrry.com https://media.effekten.se; \r\n              object-src 'none'; \r\n              report-uri /api/csp/;"} 
 body=&lt;!DOCTYPE html&gt;

&lt;html class="no-js" xmlns:ng="http://angularjs.org" prefix="og: http://ogp.me/ns#" lang="fi" id="ng-app"
      ng-app="sogetiApp"&gt;

&lt;head&gt;
    
    &lt;script src="/scripts/jquer?v=W0C7E177SntjViw9hkQSlQpko-hF_JrsXZCWOZK10UI1"&gt;&lt;/script&gt;

    
    &lt;!-- EpiMonitor --&gt;

    &lt;meta charset="utf-8" /&gt;
    &lt;meta http-equiv="X-UA-Compatible" content="IE=edge"&gt;
    &lt;meta name="viewport" content="width=device-width, initial-scale=1.0"&gt;
    &lt;title&gt;Sogeti | Etusivu&lt;/title&gt;

    &lt;meta property="og:title" content="Finland" /&gt;
    &lt;meta property="og:description" content="Sogeti on itsen&amp;#228;inen laadunvarmistuskumppani, joka toimittaa korkealuokkaisia IT-palveluja Suomen markkinoille." /&gt;
    &lt;meta property="og:site_name" content="Sogeti | Etusivu" /&gt;
    &lt;meta property="og:url" content="https://www.sogeti.fi/" /&gt;
    &lt;meta property="og:image" content="https://www.sogeti.fi/globalassets/common/355x215-menu-image/sogeti/new_brand_intro_2p_355x215.jpg" /&gt;
    

    &lt;meta property="og:type" content="website" /&gt;

    
    &lt;meta itemprop="name" content="Finland" /&gt;
    &lt;meta itemprop="description" content="Sogeti on itsen&amp;#228;inen laadunvarmistuskumppani, joka toimittaa korkealuokkaisia IT-palveluja Suomen markkinoille." /&gt;

    
    &lt;meta name="twitter:card" content="summary" /&gt;
    &lt;meta name="twitter:title" content="Finland" /&gt;
    &lt;meta name="twitter:description" content="Sogeti on itsen&amp;#228;inen laadunvarmistuskumppani, joka toimittaa korkealuokkaisia IT-palveluja Suomen markkinoille." /&gt;
    &lt;meta name="twitter:image" content="https://www.sogeti.fi/globalassets/common/355x215-menu-image/sogeti/new_brand_intro_2p_355x215.jpg" /&gt;

    &lt;meta name="EpiMonitor" content="On" /&gt;
    &lt;meta name="description" content="Sogeti on itsen&amp;#228;inen laadunvarmistuskumppani, joka toimittaa korkealuokkaisia IT-palveluja Suomen markkinoille."&gt;
    &lt;meta name="keywords" content=""&gt;
    &lt;meta name="viewport" content="width=device-width, initial-scale=1"&gt;
    &lt;meta name="Date" content="Mon, 24 Jun 2024 08:40:37 GMT;" /&gt;
    &lt;meta name="Creation_Date" content=" 2014-34-10 02.34" /&gt;
    &lt;meta name="Last-Modified" content="Mon, 24 Jun 2024 08:40:37 GMT;" /&gt;
    &lt;link href="https://www.sogeti.fi/" rel="canonical" /&gt;


    &lt;!-- Place favicon.ico and apple-touch-icon.png in the root directory --&gt;
    &lt;link href="/styles?v=NhTDTSzNtPVPMRCZfmX5C9Yh9qZd6yX9tesgTKsyK581" rel="stylesheet"/&gt;


    
     

    &lt;!--[if IE 8]&gt;
        &lt;style&gt;
            #wrapper {
                min-width: 1200px;
            }
            .pufftext-medium {
                    font-size: 36px!important;
            }
            .pufftext-small1 {
                    font-size: 24px!important;
            }
            .pufftext-small2 {
                    font-size: 24px!important;
            }
           .third{
                clear:both;
            }
            .r-tabs .r-tabs-nav .r-tabs-tab {
                margin-right: 1px;
            }
        &lt;/style&gt;
    &lt;![endif]--&gt;
    &lt;script&gt;


    var baseUrl = '/search/Autocomplete', loadMoreText = 'Load more', loadMoreAriaLabel = '', newwindowtext = 'new window', slideSpeed = 5000, slideNextText = 'Next slide', slidePrevText = 'Previous slide';&lt;/script&gt;
    &lt;link href="https://fonts.googleapis.com/css?family=Ubuntu" rel="stylesheet"&gt;
    &lt;link href="https://fonts.googleapis.com/css?family=Ubuntu+Mono" rel="stylesheet"&gt;
&lt;/head&gt;
&lt;body id="pageTop"&gt;
    
    
    
    &lt;div id="wrapper"&gt;

&lt;header role="banner" id="header" class=" clearfix"&gt;
    &lt;div class="hiddenShortcuts"&gt;
        &lt;a href="#main-menu" id="mainmenu-shortcut" class="button" tabindex="0" target="_self"&gt;
        To menu
      &lt;/a&gt;
        
        &lt;a href="#primary_content" id="maincontent-shortcut" class="button" tabindex="0" target="_self"&gt;
        To main content
      &lt;/a&gt;
    &lt;/div&gt;

    &lt;div class="desktop_wrapper"&gt;
        &lt;!-- Logo and burger navigation --&gt;
        &lt;!-- Navigation menu links and blocks --&gt;
        &lt;div class="desktop_firstrow"&gt;
                &lt;div class="levellogo"&gt;
                        &lt;div class="logo1"&gt;
                            &lt;a href="https://www.sogeti.fi/"&gt;&lt;img src="/Static/img/sogeti-logo.svg" alt="Sogeti Logo" /&gt;&lt;/a&gt;
                        &lt;/div&gt;
                &lt;/div&gt;


            &lt;div class="navbar-header"&gt;
                &lt;div class="navbar-toggle"&gt;
                    &lt;img src="/static/img/menu-mobile-icon1.png" alt="Meny"&gt;
                    
                &lt;/div&gt;
                &lt;div class="navbar-right"&gt;
                    &lt;div class="navbar-search wake-search focus-style" tabindex="0" aria-expanded="false" aria-controls="search-box-id"&gt;
                        &lt;div class="sprite-header sprite-search-icon"&gt;&lt;/div&gt;
                        &lt;span aria-label="Etsi"&gt;Etsi&lt;/span&gt;
                        
                    &lt;/div&gt;
                    &lt;div class="navbar-global focus-style" tabindex="0" aria-expanded="false" aria-controls="country-list-id"&gt;
                        &lt;div class="sprite-header sprite-globe"&gt;&lt;/div&gt;
                        &lt;span aria-label="Worldwide"&gt;Worldwide&lt;/span&gt;
                        &lt;div class="sprite-header sprite-global-arrowdown"&gt;&lt;/div&gt;
                        
                    &lt;/div&gt;
                    &lt;!-- Language drop-down (not updated) --&gt;

                    &lt;!-- Search bar (not updated) --&gt;
                    &lt;div class="search"&gt;
                        &lt;div id="search-box-id" class="search-box-wrapper"&gt;
                            &lt;form id="SearchFormHeader" action="/search/" method="get"&gt;
                                &lt;div class="search-text-box" value="Search"&gt;
                                    
                                    &lt;label class="sr-only" for="q"&gt;Etsi&lt;/label&gt;
                                    &lt;input class="top-search" id="search-q" name="q" ng-non-bindable="" type="text" value="" /&gt;&lt;button class="search-button" onclick="document.forms['SearchFormHeader'].submit()"&gt;&lt;div class="search-butt sprite-header sprite-search-icon"&gt;&lt;/div&gt;&lt;span class="search-label"&gt;Search&lt;/span&gt;&lt;/button&gt;
                                &lt;/div&gt;
                            &lt;/form&gt;
                        &lt;/div&gt;
                    &lt;/div&gt;

                    &lt;!-- International pages drop-down menu (not updated) --&gt;
                        &lt;div id="country-list-id" class="country-list" style="display:none;" tabindex="-1"&gt;
                            &lt;ul&gt;
                                    &lt;li&gt;&lt;a href="https://www.sogeti.be/" target="_blank" title="Belgium"&gt;Belgium&lt;/a&gt;&lt;/li&gt;
                                    &lt;li&gt;&lt;a href="https://www.fr.sogeti.com/" target="_blank" title="France"&gt;France&lt;/a&gt;&lt;/li&gt;
                                    &lt;li&gt;&lt;a href="https://www.sogeti.de/" target="_blank" title="Germany"&gt;Germany&lt;/a&gt;&lt;/li&gt;
                                    &lt;li&gt;&lt;a href="https://www.sogeti.ie/" target="_blank" title="Ireland"&gt;Ireland&lt;/a&gt;&lt;/li&gt;
                                    &lt;li&gt;&lt;a href="https://www.sogeti.lu/" target="_blank" title="Luxembourg"&gt;Luxembourg&lt;/a&gt;&lt;/li&gt;
                                    &lt;li&gt;&lt;a href="https://www.sogeti.nl/" target="_blank" title="Netherlands"&gt;Netherlands&lt;/a&gt;&lt;/li&gt;
                                    &lt;li&gt;&lt;a href="https://www.sogeti.no/" target="_blank" title="Norway"&gt;Norway&lt;/a&gt;&lt;/li&gt;
                                    &lt;li&gt;&lt;a href="https://www.sogeti.es/" target="_blank" title="Spain"&gt;Spain&lt;/a&gt;&lt;/li&gt;
                                    &lt;li&gt;&lt;a href="https://www.sogeti.se/" target="_blank" title="Sweden"&gt;Sweden&lt;/a&gt;&lt;/li&gt;
                                    &lt;li&gt;&lt;a href="https://www.uk.sogeti.com/" target="_blank" title="UK"&gt;UK&lt;/a&gt;&lt;/li&gt;
                                    &lt;li&gt;&lt;a href="https://www.us.sogeti.com/" target="_blank" title="USA"&gt;USA&lt;/a&gt;&lt;/li&gt;
                                    &lt;li&gt;&lt;a href="https://www.sogeti.com/" target="_blank" title="Sogeti Global"&gt;Sogeti Global&lt;/a&gt;&lt;/li&gt;
                            &lt;/ul&gt;
                        &lt;/div&gt;
                &lt;/div&gt;

                &lt;div class="navbar-brand"&gt;
                        &lt;div&gt;
                            &lt;a class="current" href="https://www.sogeti.fi/"&gt;
                                &lt;img src="/Static/img/sogeti-logo.svg" alt="Sogeti Logo"&gt;
                            &lt;/a&gt;
                        &lt;/div&gt;
                &lt;/div&gt;
            &lt;/div&gt;

        &lt;/div&gt;
        &lt;nav aria-label="main menu" id="main-menu" class="main-menu-desktop"&gt;
            &lt;ul class="level0 clearfix"&gt;

                    &lt;li class=" has-children   level0 focus-style" tabindex="0" data-levelname="level0"&gt;
                        &lt;div class="wrapper"&gt;
                            &lt;span&gt;Tietoa meist&amp;#228;&lt;/span&gt;
                        &lt;/div&gt;
                        &lt;div class="mega-navbar refreshed level0" data-levelname="level0"&gt;
                            &lt;span class="heading"&gt;Tietoa meist&amp;#228;&lt;/span&gt;
                            &lt;ul class="level1"&gt;
                                    &lt;li class="   "&gt;
                                            &lt;a class="subMenuLink" href="https://www.sogeti.fi/tietoa-meista/sogeti-lyhyesti/"&gt;Sogeti lyhyesti&lt;/a&gt;
                                    &lt;/li&gt;
                                    &lt;li class="   "&gt;
                                            &lt;a class="subMenuLink" href="https://www.sogeti.fi/tietoa-meista/tarina-brandimme-takana/"&gt;Tarina br&amp;#228;ndimme takana&lt;/a&gt;
                                    &lt;/li&gt;
                                    &lt;li class="   "&gt;
                                            &lt;a class="subMenuLink" href="https://www.sogeti.fi/tietoa-meista/johtoryhma/"&gt;Johtoryhm&amp;#228;&lt;/a&gt;
                                    &lt;/li&gt;
                                    &lt;li class="   "&gt;
                                            &lt;a class="subMenuLink" href="https://w... (set the log level to DEBUG or TRACE to see the full content) 
 </msg>
<msg time="2024-08-27T23:03:28.015469" level="INFO">C:\Users\goudaa\AppData\Local\Programs\Python\Python312\Lib\site-packages\urllib3\connectionpool.py:1103: InsecureRequestWarning: Unverified HTTPS request is being made to host 'www.sogeti.fi'. Adding certificate verification is strongly advised. See: https://urllib3.readthedocs.io/en/latest/advanced-usage.html#tls-warnings
  warnings.warn(</msg>
<msg time="2024-08-27T23:03:28.017483" level="INFO">${response} = &lt;Response [200]&gt;</msg>
<var>${response}</var>
<arg>sogeti</arg>
<arg>${url}</arg>
<doc>Sends a GET request on a previously created HTTP Session.</doc>
<status status="PASS" start="2024-08-27T23:03:27.193121" elapsed="0.824362"/>
</kw>
<kw name="Log" owner="BuiltIn">
<msg time="2024-08-27T23:03:28.018526" level="INFO">200</msg>
<arg>${response.status_code}</arg>
<doc>Logs the given message with the given level.</doc>
<status status="PASS" start="2024-08-27T23:03:28.017483" elapsed="0.001043"/>
</kw>
<kw name="Should Be Equal As Numbers" owner="BuiltIn">
<msg time="2024-08-27T23:03:28.019482" level="INFO">Argument types are:
&lt;class 'int'&gt;
&lt;class 'str'&gt;</msg>
<arg>${response.status_code}</arg>
<arg>200</arg>
<doc>Fails if objects are unequal after converting them to real numbers.</doc>
<status status="PASS" start="2024-08-27T23:03:28.019482" elapsed="0.000000"/>
</kw>
<kw name="Sleep" owner="BuiltIn">
<msg time="2024-08-27T23:03:29.020648" level="INFO">Slept 1 second.</msg>
<arg>1s</arg>
<doc>Pauses the test executed for the given time.</doc>
<status status="PASS" start="2024-08-27T23:03:28.019482" elapsed="1.001748"/>
</kw>
<var name="${link}">&lt;selenium.webdriver.remote.webelement.WebElement (session="ca8e849568baee430486f4481a87782e", element="f.BF302571FA8E4EF333CEDE294F45FAEF.d.34C2BA16BA66FD5D098DC7E4E3B710F2.e.4252")&gt;</var>
<status status="PASS" start="2024-08-27T23:03:27.183108" elapsed="1.838122"/>
</iter>
<iter>
<kw name="Get Element Attribute" owner="SeleniumLibrary">
<msg time="2024-08-27T23:03:29.034014" level="INFO">${url} = https://www.fr.sogeti.com/</msg>
<var>${url}</var>
<arg>${link}</arg>
<arg>href</arg>
<doc>Returns the value of ``attribute`` from the element ``locator``.</doc>
<status status="PASS" start="2024-08-27T23:03:29.022246" elapsed="0.011768"/>
</kw>
<kw name="Create Session" owner="RequestsLibrary">
<msg time="2024-08-27T23:03:29.035016" level="INFO">Creating Session using : alias=sogeti, url=https://www.fr.sogeti.com/, headers={},                     cookies={}, auth=None, timeout=None, proxies=None, verify=False,                     debug=0 </msg>
<arg>sogeti</arg>
<arg>${url}</arg>
<doc>Create Session: create a HTTP session to a server</doc>
<status status="PASS" start="2024-08-27T23:03:29.035016" elapsed="0.000000"/>
</kw>
<kw name="GET On Session" owner="RequestsLibrary">
<msg time="2024-08-27T23:03:30.589750" level="INFO">GET Request : url=https://www.fr.sogeti.com/ 
 path_url=/ 
 headers={'User-Agent': 'python-requests/2.32.3', 'Accept-Encoding': 'gzip, deflate', 'Accept': '*/*', 'Connection': 'keep-alive'} 
 body=None 
 </msg>
<msg time="2024-08-27T23:03:30.589750" level="INFO">GET Response : url=https://www.fr.sogeti.com/ 
 status=200, reason=OK 
 headers={'Cache-Control': 'private,no-cache, no-store, must-revalidate, pre-check=0, post-check=0, max-age=0, s-maxage=0', 'Pragma': 'no-cache', 'Content-Type': 'text/html; charset=utf-8', 'Expires': '0', 'Server': '', 'Set-Cookie': 'ASP.NET_SessionId=zg4uj2powaiou1krzlsu51jx; path=/; HttpOnly; SameSite=Lax, BIGipServer~SOGETIUK~www.sogeti.com_HTTP_Pool=1736771338.20480.0000; path=/; Httponly; Secure', 'Access-Control-Allow-Origin': '*', 'X-Frame-Options': 'SAMEORIGIN', 'X-Content-Type-Options': 'nosniff', 'Strict-Transport-Security': 'max-age=31536000; includeSubDomains', 'Referrer-Policy': 'strict-origin-when-cross-origin', 'Feature-Policy': "accelerometer 'none'; camera 'none'; geolocation 'none'; gyroscope 'none'; magnetometer 'none'; microphone 'none'; payment 'none'; usb 'none'", 'Zontent-Security-Policy': "\r\n              default-src 'self'; \r\n              script-src 'self' 'unsafe-eval' data: 'unsafe-inline' https://static-eu.jobylon.com http://cdn.lightwidget.com http://lightwidget.com https://www.youtube.com http://dl.episerver.net https://dl.episerver.net https://platform.twitter.com https://www.googletagmanager.com http://cdn.pardot.com https://pi.pardot.com http://pi.pardot.com https://static.hotjar.com https://script.hotjar.com https://stats.g.doubleclick.net https://snap.licdn.com https://www.google-analytics.com https://www.google.com http://go.capgeminigroup.com https://cdn.jobylon.com https://static-eu.jobylon.com https://code.jquery.com http://code.jquery.com http://cdnjs.cloudflare.com https://www.gstatic.com;                           \r\n              script-src-elem 'self' 'unsafe-eval' data: 'unsafe-inline' https://static-eu.jobylon.com https://cdn.jobylon.com https://emp.jobylon.com https://www.google.com https://ff.kis.v2.scr.kaspersky-labs.com https://apis.google.com http://code.jquery.com http://cdnjs.cloudflare.com http://pi.pardot.com https://dl.episerver.net https://static.hotjar.com https://www.youtube.com https://snap.licdn.com http://cdn.pardot.com http://go.capgeminigroup.com https://www.gstatic.com http://lightwidget.com https://cdn.lightwidget.com http://platform.twitter.com https://www.google-analytics.com https://www.googletagmanager.com https://tag.goldenbees.fr https://cdn.goldenbees.fr https://connect.facebook.net https://tags.inzynk.io https://analytics.inzynk.io https://analytics.inzynk.io/ https://connect.facebook.net https://region1.google-analytics.com https://www.facebook.com https://www.google.de https://script.hotjar.com https://www.googleadservices.com https://googleads.g.doubleclick.net https://ajax.googleapis.com;\r\n              style-src 'self' 'unsafe-inline' data: https://dl.episerver.net/ https://fonts.googleapis.com http://fonts.googleapis.com http://maxcdn.bootstrapcdn.com; \r\n              style-src-elem 'self' 'unsafe-inline' data: https://dl.episerver.net/ http://fonts.googleapis.com http://maxcdn.bootstrapcdn.com http://custom-joblist.s3.amazonaws.com https://www.gstatic.com;\r\n              frame-src 'self' https://www.youtube.com https://mumfw.corp.capgemini.com https://embed.acast.com https://player.vimeo.com https://share.transistor.fm https://feedback-pa.clients6.google.com https://pi.pardot.com https://www.google.com https://go.pardot.com http://lightwidget.com https://www.youtube-nocookie.com https://cdn.jobylon.com https://go.capgeminigroup.com https://cdn.lightwidget.com https://platform.twitter.com https://td.doubleclick.net https://syndication.twitter.com https://blr2fw.corp.capgemini.com https://www.facebook.com; \r\n              font-src 'self' data: https://fonts.gstatic.com http://fonts.gstatic.com http://maxcdn.bootstrapcdn.com https://github.com; \r\n              img-src 'self' data: blob: https://prod.ucwe.capgemini.com https://i1.wp.com https://www.google.lk https://www.google.com.mx https://www.google.hu https://www.google.com.co https://www.google.pt https://www.google.com.br https://www.google.pl https://www.google.co.th https://www.google.lu https://media.licdn.com https://www.sogeti.fi https://www.capgemini.com https://www.sogeti.be https://www.google.co.jp https://adservice.google.com https://www.google.it https://www.google.com.ph https://www.google.at http://labs.sogeti.com https://www.google.tn https://www.google.com https://translate.google.com https://fonts.gstatic.com https://www.google.se https://www.google.no https://www.googletagmanager.com https://translate.google.com https://i.ytimg.com https://www.google.fr  https://insight.adsrvr.org https://match.adsrvr.org https://region1.google-analytics.com https://www.google.fr https://www.facebook.com https://insight.adsrvr.org https://match.adsrvr.org https://www.sogeti.com https://www.google.fi https://px.ads.linkedin.com https://www.google-analytics.com https://googleads.g.doubleclick.net https://www.google.de https://www.google.co.id https://www.google.ie https://www.google.co.in https://www.google.co.uk https://www.google.nl https://www.google.com.gh https://www.google.be https://www.google.es https://www.google.co.ma https://www.google.co.uk https://syndication.twitter.com https://www.google.dz https://www.google.com.au https://www.google.mu https://www.google.sk https://www.google.fr https://www.google.ca https://static-eu.jobylon.com https://media-eu.jobylon.com https://www.google.dk https://www.google.com.sg http://img.rule.io https://img.rule.io;\r\n              connect-src 'self' https://stats.g.doubleclick.net https://px.ads.linkedin.com https://script.hotjar.com https://content.hotjar.io https://metrics.hotjar.io https://www.analytics.google.com https://www.google.nl https://www.google-analytics.com https://region1.analytics.google.com https://region1.google-analytics.com https://analytics.inzynk.io https://connect.facebook.net https://tags.inzynk.io https://adservice.google.com https://analytics.google.com https://translate-pa.googleapis.com https://ws.hotjar.com https://analytics.google.com https://www.google.be https://vc.hotjar.io https://www.google.com.au https://www.google.fi https://www.google.fr https://emp.jobylon.com https://www.google.co.in https://translate.googleapis.com https://www.facebook.com;\r\n              media-src 'self' https://media.blubrry.com https://media.effekten.se;\r\n              object-src 'none';\r\n              report-uri /api/csp/; ", 'Expect-CT': 'enforce, max-age=300, report-uri /api/csp/;', 'Date': 'Tue, 27 Aug 2024 21:03:29 GMT', 'Content-Length': '84611', 'Content-security-policy': "default-src https://*.zscloud.net 'self'; \r\n              script-src 'self' 'unsafe-eval' data: 'unsafe-inline' https://static-eu.jobylon.com http://cdn.lightwidget.com http://lightwidget.com https://www.youtube.com http://dl.episerver.net https://dl.episerver.net https://platform.twitter.com https://www.googletagmanager.com http://cdn.pardot.com https://pi.pardot.com http://pi.pardot.com https://static.hotjar.com https://script.hotjar.com https://stats.g.doubleclick.net https://snap.licdn.com https://www.google-analytics.com https://www.google.com http://go.capgeminigroup.com https://cdn.jobylon.com https://static-eu.jobylon.com https://code.jquery.com http://code.jquery.com http://cdnjs.cloudflare.com https://www.gstatic.com;                           \r\n              script-src-elem 'self' 'unsafe-eval' data: 'unsafe-inline' https://static-eu.jobylon.com https://cdn.jobylon.com https://emp.jobylon.com https://www.google.com https://ff.kis.v2.scr.kaspersky-labs.com https://apis.google.com http://code.jquery.com http://cdnjs.cloudflare.com http://pi.pardot.com https://dl.episerver.net https://static.hotjar.com https://www.youtube.com https://snap.licdn.com http://cdn.pardot.com http://go.capgeminigroup.com https://www.gstatic.com http://lightwidget.com https://cdn.lightwidget.com http://platform.twitter.com https://www.google-analytics.com https://www.googletagmanager.com https://tag.goldenbees.fr https://cdn.goldenbees.fr https://connect.facebook.net https://tags.inzynk.io https://analytics.inzynk.io https://analytics.inzynk.io/ https://connect.facebook.net https://region1.google-analytics.com https://www.facebook.com https://www.google.de https://script.hotjar.com https://www.googleadservices.com https://googleads.g.doubleclick.net https://ajax.googleapis.com; \r\n              style-src 'self' 'unsafe-inline' data: https://dl.episerver.net/ https://fonts.googleapis.com http://fonts.googleapis.com http://maxcdn.bootstrapcdn.com; \r\n              style-src-elem 'self' 'unsafe-inline' data: https://dl.episerver.net/ http://fonts.googleapis.com http://maxcdn.bootstrapcdn.com http://custom-joblist.s3.amazonaws.com https://www.gstatic.com; \r\n              frame-src 'self' https://www.youtube.com https://mumfw.corp.capgemini.com https://embed.acast.com https://player.vimeo.com https://share.transistor.fm https://feedback-pa.clients6.google.com https://pi.pardot.com https://www.google.com https://go.pardot.com http://lightwidget.com https://www.youtube-nocookie.com https://cdn.jobylon.com https://go.capgeminigroup.com https://cdn.lightwidget.com https://platform.twitter.com https://td.doubleclick.net https://syndication.twitter.com https://blr2fw.corp.capgemini.com https://www.facebook.com; \r\n              font-src 'self' data: https://fonts.gstatic.com http://fonts.gstatic.com http://maxcdn.bootstrapcdn.com https://github.com; \r\n              img-src 'self' data: blob: https://prod.ucwe.capgemini.com https://i1.wp.com https://www.google.lk https://www.google.com.mx https://www.google.hu https://www.google.com.co https://www.google.pt https://www.google.com.br https://www.google.pl https://www.google.co.th https://www.google.lu https://media.licdn.com https://www.sogeti.fi https://www.capgemini.com https://www.sogeti.be https://www.google.co.jp https://adservice.google.com https://www.google.it https://www.google.com.ph https://www.google.at http://labs.sogeti.com https://www.google.tn https://www.google.com https://translate.google.com https://fonts.gstatic.com https://www.google.se https://www.google.no https://www.googletagmanager.com https://translate.google.com https://i.ytimg.com https://www.google.fr  https://insight.adsrvr.org https://match.adsrvr.org https://region1.google-analytics.com https://www.google.fr https://www.facebook.com https://insight.adsrvr.org https://match.adsrvr.org https://www.sogeti.com https://www.google.fi https://px.ads.linkedin.com https://www.google-analytics.com https://googleads.g.doubleclick.net https://www.google.de https://www.google.co.id https://www.google.ie https://www.google.co.in https://www.google.co.uk https://www.google.nl https://www.google.com.gh https://www.google.be https://www.google.es https://www.google.co.ma https://www.google.co.uk https://syndication.twitter.com https://www.google.dz https://www.google.com.au https://www.google.mu https://www.google.sk https://www.google.fr https://www.google.ca https://static-eu.jobylon.com https://media-eu.jobylon.com https://www.google.dk https://www.google.com.sg http://img.rule.io https://img.rule.io; \r\n              connect-src 'self' https://stats.g.doubleclick.net https://px.ads.linkedin.com https://script.hotjar.com https://content.hotjar.io https://metrics.hotjar.io https://www.analytics.google.com https://www.google.nl https://www.google-analytics.com https://region1.analytics.google.com https://region1.google-analytics.com https://analytics.inzynk.io https://connect.facebook.net https://tags.inzynk.io https://adservice.google.com https://analytics.google.com https://translate-pa.googleapis.com https://ws.hotjar.com https://analytics.google.com https://www.google.be https://vc.hotjar.io https://www.google.com.au https://www.google.fi https://www.google.fr https://emp.jobylon.com https://www.google.co.in https://translate.googleapis.com https://www.facebook.com; \r\n              media-src 'self' https://media.blubrry.com https://media.effekten.se; \r\n              object-src 'none'; \r\n              report-uri /api/csp/;"} 
 body=&lt;!DOCTYPE html&gt;

&lt;html class="no-js" xmlns:ng="http://angularjs.org" prefix="og: http://ogp.me/ns#" lang="fr" id="ng-app"
      ng-app="sogetiApp"&gt;

&lt;head&gt;
    
    &lt;script src="/scripts/jquer?v=W0C7E177SntjViw9hkQSlQpko-hF_JrsXZCWOZK10UI1"&gt;&lt;/script&gt;

    
    &lt;!-- EpiMonitor --&gt;

    &lt;meta charset="utf-8" /&gt;
    &lt;meta http-equiv="X-UA-Compatible" content="IE=edge"&gt;
    &lt;meta name="viewport" content="width=device-width, initial-scale=1.0"&gt;
    &lt;title&gt;Sogeti France | G&amp;#233;rez la transformation num&amp;#233;rique de votre entreprise avec Sogeti&lt;/title&gt;

    &lt;meta content="noindex, follow" name="ROBOTS" /&gt;
    &lt;meta property="og:title" content="France" /&gt;
    &lt;meta property="og:description" content="Sogeti France vous accompagne dans les domaines de l&amp;#39;Assurance et du Testing, du Cloud et de la Cybers&amp;#233;curit&amp;#233;, et en int&amp;#233;grant les technologies d&amp;#39;intelligence artificielle et d&amp;#39;automatisation. " /&gt;
    &lt;meta property="og:site_name" content="Sogeti France | G&amp;#233;rez la transformation num&amp;#233;rique de votre entreprise avec Sogeti" /&gt;
    &lt;meta property="og:url" content="https://www.fr.sogeti.com/" /&gt;
    &lt;meta property="og:image" content="https://www.fr.sogeti.com/globalassets/common/1980x660-large-background-image/sogeti/new_brand_intro_2p_1980x660.jpg" /&gt;
    

    &lt;meta property="og:type" content="website" /&gt;

    
    &lt;meta itemprop="name" content="France" /&gt;
    &lt;meta itemprop="description" content="Sogeti France vous accompagne dans les domaines de l&amp;#39;Assurance et du Testing, du Cloud et de la Cybers&amp;#233;curit&amp;#233;, et en int&amp;#233;grant les technologies d&amp;#39;intelligence artificielle et d&amp;#39;automatisation. " /&gt;

    
    &lt;meta name="twitter:card" content="summary" /&gt;
    &lt;meta name="twitter:title" content="France" /&gt;
    &lt;meta name="twitter:description" content="Sogeti France vous accompagne dans les domaines de l&amp;#39;Assurance et du Testing, du Cloud et de la Cybers&amp;#233;curit&amp;#233;, et en int&amp;#233;grant les technologies d&amp;#39;intelligence artificielle et d&amp;#39;automatisation. " /&gt;
    &lt;meta name="twitter:image" content="https://www.fr.sogeti.com/globalassets/common/1980x660-large-background-image/sogeti/new_brand_intro_2p_1980x660.jpg" /&gt;

    &lt;meta name="EpiMonitor" content="On" /&gt;
    &lt;meta name="description" content="Sogeti France vous accompagne dans les domaines de l&amp;#39;Assurance et du Testing, du Cloud et de la Cybers&amp;#233;curit&amp;#233;, et en int&amp;#233;grant les technologies d&amp;#39;intelligence artificielle et d&amp;#39;automatisation. "&gt;
    &lt;meta name="keywords" content=""&gt;
    &lt;meta name="viewport" content="width=device-width, initial-scale=1"&gt;
    &lt;meta name="Date" content="Thu, 20 Jun 2024 12:02:53 GMT;" /&gt;
    &lt;meta name="Creation_Date" content=" 2014-00-03 07:00" /&gt;
    &lt;meta name="Last-Modified" content="Thu, 20 Jun 2024 12:02:53 GMT;" /&gt;
    &lt;link href="https://www.fr.sogeti.com/" rel="canonical" /&gt;


    &lt;!-- Place favicon.ico and apple-touch-icon.png in the root directory --&gt;
    &lt;link href="/styles?v=NhTDTSzNtPVPMRCZfmX5C9Yh9qZd6yX9tesgTKsyK581" rel="stylesheet"/&gt;


    
     

    &lt;!--[if IE 8]&gt;
        &lt;style&gt;
            #wrapper {
                min-width: 1200px;
            }
            .pufftext-medium {
                    font-size: 36px!important;
            }
            .pufftext-small1 {
                    font-size: 24px!important;
            }
            .pufftext-small2 {
                    font-size: 24px!important;
            }
           .third{
                clear:both;
            }
            .r-tabs .r-tabs-nav .r-tabs-tab {
                margin-right: 1px;
            }
        &lt;/style&gt;
    &lt;![endif]--&gt;
    &lt;script&gt;


    var baseUrl = '/recherche/Autocomplete', loadMoreText = 'En savoir plus', loadMoreAriaLabel = '', newwindowtext = 'new window', slideSpeed = 5000, slideNextText = 'Next slide', slidePrevText = 'Previous slide';&lt;/script&gt;
    &lt;link href="https://fonts.googleapis.com/css?family=Ubuntu" rel="stylesheet"&gt;
    &lt;link href="https://fonts.googleapis.com/css?family=Ubuntu+Mono" rel="stylesheet"&gt;
&lt;/head&gt;
&lt;body id="pageTop"&gt;
    
    
    
    &lt;div id="wrapper"&gt;

&lt;header role="banner" id="header" class=" clearfix"&gt;
    &lt;div class="hiddenShortcuts"&gt;
        &lt;a href="#main-menu" id="mainmenu-shortcut" class="button" tabindex="0" target="_self"&gt;
        To menu
      &lt;/a&gt;
        
        &lt;a href="#primary_content" id="maincontent-shortcut" class="button" tabindex="0" target="_self"&gt;
        To main content
      &lt;/a&gt;
    &lt;/div&gt;

    &lt;div class="desktop_wrapper"&gt;
        &lt;!-- Logo and burger navigation --&gt;
        &lt;!-- Navigation menu links and blocks --&gt;
        &lt;div class="desktop_firstrow"&gt;
                &lt;div class="levellogo"&gt;
                        &lt;div class="logo1"&gt;
                            &lt;a href="https://www.fr.sogeti.com/"&gt;&lt;img src="/Static/img/sogeti-logo.svg" alt="Sogeti Logo" /&gt;&lt;/a&gt;
                        &lt;/div&gt;
                &lt;/div&gt;


            &lt;div class="navbar-header"&gt;
                &lt;div class="navbar-toggle"&gt;
                    &lt;img src="/static/img/menu-mobile-icon1.png" alt="Meny"&gt;
                    
                &lt;/div&gt;
                &lt;div class="navbar-right"&gt;
                    &lt;div class="navbar-search wake-search focus-style" tabindex="0" aria-expanded="false" aria-controls="search-box-id"&gt;
                        &lt;div class="sprite-header sprite-search-icon"&gt;&lt;/div&gt;
                        &lt;span aria-label="Recherche"&gt;Recherche&lt;/span&gt;
                        
                    &lt;/div&gt;
                    &lt;div class="navbar-global focus-style" tabindex="0" aria-expanded="false" aria-controls="country-list-id"&gt;
                        &lt;div class="sprite-header sprite-globe"&gt;&lt;/div&gt;
                        &lt;span aria-label="International"&gt;International&lt;/span&gt;
                        &lt;div class="sprite-header sprite-global-arrowdown"&gt;&lt;/div&gt;
                        
                    &lt;/div&gt;
                    &lt;!-- Language drop-down (not updated) --&gt;

                    &lt;!-- Search bar (not updated) --&gt;
                    &lt;div class="search"&gt;
                        &lt;div id="search-box-id" class="search-box-wrapper"&gt;
                            &lt;form id="SearchFormHeader" action="/recherche/" method="get"&gt;
                                &lt;div class="search-text-box" value="Search"&gt;
                                    
                                    &lt;label class="sr-only" for="q"&gt;Recherche&lt;/label&gt;
                                    &lt;input class="top-search" id="search-q" name="q" ng-non-bindable="" type="text" value="" /&gt;&lt;button class="search-button" onclick="document.forms['SearchFormHeader'].submit()"&gt;&lt;div class="search-butt sprite-header sprite-search-icon"&gt;&lt;/div&gt;&lt;span class="search-label"&gt;Search&lt;/span&gt;&lt;/button&gt;
                                &lt;/div&gt;
                            &lt;/form&gt;
                        &lt;/div&gt;
                    &lt;/div&gt;

                    &lt;!-- International pages drop-down menu (not updated) --&gt;
                        &lt;div id="country-list-id" class="country-list" style="display:none;" tabindex="-1"&gt;
                            &lt;ul&gt;
                                    &lt;li&gt;&lt;a href="https://www.sogeti.be/" target="_blank" title="Belgium"&gt;Belgium&lt;/a&gt;&lt;/li&gt;
[...]
d.acast.com https://player.vimeo.com https://share.transistor.fm https://feedback-pa.clients6.google.com https://pi.pardot.com https://www.google.com https://go.pardot.com http://lightwidget.com https://www.youtube-nocookie.com https://cdn.jobylon.com https://go.capgeminigroup.com https://cdn.lightwidget.com https://platform.twitter.com https://td.doubleclick.net https://syndication.twitter.com https://blr2fw.corp.capgemini.com https://www.facebook.com; \r\n              font-src 'self' data: https://fonts.gstatic.com http://fonts.gstatic.com http://maxcdn.bootstrapcdn.com https://github.com; \r\n              img-src 'self' data: blob: https://prod.ucwe.capgemini.com https://i1.wp.com https://www.google.lk https://www.google.com.mx https://www.google.hu https://www.google.com.co https://www.google.pt https://www.google.com.br https://www.google.pl https://www.google.co.th https://www.google.lu https://media.licdn.com https://www.sogeti.fi https://www.capgemini.com https://www.sogeti.be https://www.google.co.jp https://adservice.google.com https://www.google.it https://www.google.com.ph https://www.google.at http://labs.sogeti.com https://www.google.tn https://www.google.com https://translate.google.com https://fonts.gstatic.com https://www.google.se https://www.google.no https://www.googletagmanager.com https://translate.google.com https://i.ytimg.com https://www.google.fr  https://insight.adsrvr.org https://match.adsrvr.org https://region1.google-analytics.com https://www.google.fr https://www.facebook.com https://insight.adsrvr.org https://match.adsrvr.org https://www.sogeti.com https://www.google.fi https://px.ads.linkedin.com https://www.google-analytics.com https://googleads.g.doubleclick.net https://www.google.de https://www.google.co.id https://www.google.ie https://www.google.co.in https://www.google.co.uk https://www.google.nl https://www.google.com.gh https://www.google.be https://www.google.es https://www.google.co.ma https://www.google.co.uk https://syndication.twitter.com https://www.google.dz https://www.google.com.au https://www.google.mu https://www.google.sk https://www.google.fr https://www.google.ca https://static-eu.jobylon.com https://media-eu.jobylon.com https://www.google.dk https://www.google.com.sg http://img.rule.io https://img.rule.io;\r\n              connect-src 'self' https://stats.g.doubleclick.net https://px.ads.linkedin.com https://script.hotjar.com https://content.hotjar.io https://metrics.hotjar.io https://www.analytics.google.com https://www.google.nl https://www.google-analytics.com https://region1.analytics.google.com https://region1.google-analytics.com https://analytics.inzynk.io https://connect.facebook.net https://tags.inzynk.io https://adservice.google.com https://analytics.google.com https://translate-pa.googleapis.com https://ws.hotjar.com https://analytics.google.com https://www.google.be https://vc.hotjar.io https://www.google.com.au https://www.google.fi https://www.google.fr https://emp.jobylon.com https://www.google.co.in https://translate.googleapis.com https://www.facebook.com;\r\n              media-src 'self' https://media.blubrry.com https://media.effekten.se;\r\n              object-src 'none';\r\n              report-uri /api/csp/; ", 'Expect-CT': 'enforce, max-age=300, report-uri /api/csp/;', 'Date': 'Tue, 27 Aug 2024 21:03:50 GMT', 'Content-Length': '76997', 'Content-security-policy': "default-src https://*.zscloud.net 'self'; \r\n              script-src 'self' 'unsafe-eval' data: 'unsafe-inline' https://static-eu.jobylon.com http://cdn.lightwidget.com http://lightwidget.com https://www.youtube.com http://dl.episerver.net https://dl.episerver.net https://platform.twitter.com https://www.googletagmanager.com http://cdn.pardot.com https://pi.pardot.com http://pi.pardot.com https://static.hotjar.com https://script.hotjar.com https://stats.g.doubleclick.net https://snap.licdn.com https://www.google-analytics.com https://www.google.com http://go.capgeminigroup.com https://cdn.jobylon.com https://static-eu.jobylon.com https://code.jquery.com http://code.jquery.com http://cdnjs.cloudflare.com https://www.gstatic.com;                           \r\n              script-src-elem 'self' 'unsafe-eval' data: 'unsafe-inline' https://static-eu.jobylon.com https://cdn.jobylon.com https://emp.jobylon.com https://www.google.com https://ff.kis.v2.scr.kaspersky-labs.com https://apis.google.com http://code.jquery.com http://cdnjs.cloudflare.com http://pi.pardot.com https://dl.episerver.net https://static.hotjar.com https://www.youtube.com https://snap.licdn.com http://cdn.pardot.com http://go.capgeminigroup.com https://www.gstatic.com http://lightwidget.com https://cdn.lightwidget.com http://platform.twitter.com https://www.google-analytics.com https://www.googletagmanager.com https://tag.goldenbees.fr https://cdn.goldenbees.fr https://connect.facebook.net https://tags.inzynk.io https://analytics.inzynk.io https://analytics.inzynk.io/ https://connect.facebook.net https://region1.google-analytics.com https://www.facebook.com https://www.google.de https://script.hotjar.com https://www.googleadservices.com https://googleads.g.doubleclick.net https://ajax.googleapis.com; \r\n              style-src 'self' 'unsafe-inline' data: https://dl.episerver.net/ https://fonts.googleapis.com http://fonts.googleapis.com http://maxcdn.bootstrapcdn.com; \r\n              style-src-elem 'self' 'unsafe-inline' data: https://dl.episerver.net/ http://fonts.googleapis.com http://maxcdn.bootstrapcdn.com http://custom-joblist.s3.amazonaws.com https://www.gstatic.com; \r\n              frame-src 'self' https://www.youtube.com https://mumfw.corp.capgemini.com https://embed.acast.com https://player.vimeo.com https://share.transistor.fm https://feedback-pa.clients6.google.com https://pi.pardot.com https://www.google.com https://go.pardot.com http://lightwidget.com https://www.youtube-nocookie.com https://cdn.jobylon.com https://go.capgeminigroup.com https://cdn.lightwidget.com https://platform.twitter.com https://td.doubleclick.net https://syndication.twitter.com https://blr2fw.corp.capgemini.com https://www.facebook.com; \r\n              font-src 'self' data: https://fonts.gstatic.com http://fonts.gstatic.com http://maxcdn.bootstrapcdn.com https://github.com; \r\n              img-src 'self' data: blob: https://prod.ucwe.capgemini.com https://i1.wp.com https://www.google.lk https://www.google.com.mx https://www.google.hu https://www.google.com.co https://www.google.pt https://www.google.com.br https://www.google.pl https://www.google.co.th https://www.google.lu https://media.licdn.com https://www.sogeti.fi https://www.capgemini.com https://www.sogeti.be https://www.google.co.jp https://adservice.google.com https://www.google.it https://www.google.com.ph https://www.google.at http://labs.sogeti.com https://www.google.tn https://www.google.com https://translate.google.com https://fonts.gstatic.com https://www.google.se https://www.google.no https://www.googletagmanager.com https://translate.google.com https://i.ytimg.com https://www.google.fr  https://insight.adsrvr.org https://match.adsrvr.org https://region1.google-analytics.com https://www.google.fr https://www.facebook.com https://insight.adsrvr.org https://match.adsrvr.org https://www.sogeti.com https://www.google.fi https://px.ads.linkedin.com https://www.google-analytics.com https://googleads.g.doubleclick.net https://www.google.de https://www.google.co.id https://www.google.ie https://www.google.co.in https://www.google.co.uk https://www.google.nl https://www.google.com.gh https://www.google.be https://www.google.es https://www.google.co.ma https://www.google.co.uk https://syndication.twitter.com https://www.google.dz https://www.google.com.au https://www.google.mu https://www.google.sk https://www.google.fr https://www.google.ca https://static-eu.jobylon.com https://media-eu.jobylon.com https://www.google.dk https://www.google.com.sg http://img.rule.io https://img.rule.io; \r\n              connect-src 'self' https://stats.g.doubleclick.net https://px.ads.linkedin.com https://script.hotjar.com https://content.hotjar.io https://metrics.hotjar.io https://www.analytics.google.com https://www.google.nl https://www.google-analytics.com https://region1.analytics.google.com https://region1.google-analytics.com https://analytics.inzynk.io https://connect.facebook.net https://tags.inzynk.io https://adservice.google.com https://analytics.google.com https://translate-pa.googleapis.com https://ws.hotjar.com https://analytics.google.com https://www.google.be https://vc.hotjar.io https://www.google.com.au https://www.google.fi https://www.google.fr https://emp.jobylon.com https://www.google.co.in https://translate.googleapis.com https://www.facebook.com; \r\n              media-src 'self' https://media.blubrry.com https://media.effekten.se; \r\n              object-src 'none'; \r\n              report-uri /api/csp/;"} 
 body=&lt;!DOCTYPE html&gt;

&lt;html class="no-js" xmlns:ng="http://angularjs.org" prefix="og: http://ogp.me/ns#" lang="en" id="ng-app"
      ng-app="sogetiApp"&gt;

&lt;head&gt;
    
    &lt;script src="/scripts/jquer?v=W0C7E177SntjViw9hkQSlQpko-hF_JrsXZCWOZK10UI1"&gt;&lt;/script&gt;

    
    &lt;!-- EpiMonitor --&gt;

    &lt;meta charset="utf-8" /&gt;
    &lt;meta http-equiv="X-UA-Compatible" content="IE=edge"&gt;
    &lt;meta name="viewport" content="width=device-width, initial-scale=1.0"&gt;
    &lt;title&gt;Sogeti USA&lt;/title&gt;

    &lt;meta property="og:title" content="US" /&gt;
    &lt;meta property="og:description" content="US" /&gt;
    &lt;meta property="og:site_name" content="Sogeti USA" /&gt;
    &lt;meta property="og:url" content="https://www.us.sogeti.com/" /&gt;
    &lt;meta property="og:image" content="https://www.us.sogeti.com/globalassets/common/large-background-image-1980x660/sogeti/sogeti_1980x660_web.jpg" /&gt;
    

    &lt;meta property="og:type" content="website" /&gt;

    
    &lt;meta itemprop="name" content="US" /&gt;
    &lt;meta itemprop="description" content="US" /&gt;

    
    &lt;meta name="twitter:card" content="summary" /&gt;
    &lt;meta name="twitter:title" content="US" /&gt;
    &lt;meta name="twitter:description" content="US" /&gt;
    &lt;meta name="twitter:image" content="https://www.us.sogeti.com/globalassets/common/large-background-image-1980x660/sogeti/sogeti_1980x660_web.jpg" /&gt;

    &lt;meta name="EpiMonitor" content="On" /&gt;
    &lt;meta name="description" content="US"&gt;
    &lt;meta name="keywords" content=""&gt;
    &lt;meta name="viewport" content="width=device-width, initial-scale=1"&gt;
    &lt;meta name="Date" content="Fri, 23 Feb 2024 09:49:19 GMT;" /&gt;
    &lt;meta name="Creation_Date" content=" 2014-10-14 11:10" /&gt;
    &lt;meta name="Last-Modified" content="Fri, 23 Feb 2024 09:49:19 GMT;" /&gt;
    &lt;link href="https://www.us.sogeti.com/" rel="canonical" /&gt;


    &lt;!-- Place favicon.ico and apple-touch-icon.png in the root directory --&gt;
    &lt;link href="/styles?v=NhTDTSzNtPVPMRCZfmX5C9Yh9qZd6yX9tesgTKsyK581" rel="stylesheet"/&gt;


    
     

    &lt;!--[if IE 8]&gt;
        &lt;style&gt;
            #wrapper {
                min-width: 1200px;
            }
            .pufftext-medium {
                    font-size: 36px!important;
            }
            .pufftext-small1 {
                    font-size: 24px!important;
            }
            .pufftext-small2 {
                    font-size: 24px!important;
            }
           .third{
                clear:both;
            }
            .r-tabs .r-tabs-nav .r-tabs-tab {
                margin-right: 1px;
            }
        &lt;/style&gt;
    &lt;![endif]--&gt;
    &lt;script&gt;


    var baseUrl = '/search/Autocomplete', loadMoreText = 'Load More', loadMoreAriaLabel = '', newwindowtext = 'new window', slideSpeed = 5000, slideNextText = 'Next slide', slidePrevText = 'Previous slide';&lt;/script&gt;
    &lt;link href="https://fonts.googleapis.com/css?family=Ubuntu" rel="stylesheet"&gt;
    &lt;link href="https://fonts.googleapis.com/css?family=Ubuntu+Mono" rel="stylesheet"&gt;
&lt;/head&gt;
&lt;body id="pageTop"&gt;
    
    
    
    &lt;div id="wrapper"&gt;

&lt;header role="banner" id="header" class=" clearfix"&gt;
    &lt;div class="hiddenShortcuts"&gt;
        &lt;a href="#main-menu" id="mainmenu-shortcut" class="button" tabindex="0" target="_self"&gt;
        To menu
      &lt;/a&gt;
        
        &lt;a href="#primary_content" id="maincontent-shortcut" class="button" tabindex="0" target="_self"&gt;
        To main content
      &lt;/a&gt;
    &lt;/div&gt;

    &lt;div class="desktop_wrapper"&gt;
        &lt;!-- Logo and burger navigation --&gt;
        &lt;!-- Navigation menu links and blocks --&gt;
        &lt;div class="desktop_firstrow"&gt;
                &lt;div class="levellogo"&gt;
                        &lt;div class="logo1"&gt;
                            &lt;a href="https://www.us.sogeti.com/"&gt;&lt;img src="/Static/img/sogeti-logo.svg" alt="Sogeti Logo" /&gt;&lt;/a&gt;
                        &lt;/div&gt;
                &lt;/div&gt;


            &lt;div class="navbar-header"&gt;
                &lt;div class="navbar-toggle"&gt;
                    &lt;img src="/static/img/menu-mobile-icon1.png" alt="Meny"&gt;
                    
                &lt;/div&gt;
                &lt;div class="navbar-right"&gt;
                    &lt;div class="navbar-search wake-search focus-style" tabindex="0" aria-expanded="false" aria-controls="search-box-id"&gt;
                        &lt;div class="sprite-header sprite-search-icon"&gt;&lt;/div&gt;
                        &lt;span aria-label="Search"&gt;Search&lt;/span&gt;
                        
                    &lt;/div&gt;
                    &lt;div class="navbar-global focus-style" tabindex="0" aria-expanded="false" aria-controls="country-list-id"&gt;
                        &lt;div class="sprite-header sprite-globe"&gt;&lt;/div&gt;
                        &lt;span aria-label="Worldwide"&gt;Worldwide&lt;/span&gt;
                        &lt;div class="sprite-header sprite-global-arrowdown"&gt;&lt;/div&gt;
                        
                    &lt;/div&gt;
                    &lt;!-- Language drop-down (not updated) --&gt;

                    &lt;!-- Search bar (not updated) --&gt;
                    &lt;div class="search"&gt;
                        &lt;div id="search-box-id" class="search-box-wrapper"&gt;
                            &lt;form id="SearchFormHeader" action="/search/" method="get"&gt;
                                &lt;div class="search-text-box" value="Search"&gt;
                                    
                                    &lt;label class="sr-only" for="q"&gt;Search&lt;/label&gt;
                                    &lt;input class="top-search" id="search-q" name="q" ng-non-bindable="" type="text" value="" /&gt;&lt;button class="search-button" onclick="document.forms['SearchFormHeader'].submit()"&gt;&lt;div class="search-butt sprite-header sprite-search-icon"&gt;&lt;/div&gt;&lt;span class="search-label"&gt;Search&lt;/span&gt;&lt;/button&gt;
                                &lt;/div&gt;
                            &lt;/form&gt;
                        &lt;/div&gt;
                    &lt;/div&gt;

                    &lt;!-- International pages drop-down menu (not updated) --&gt;
                        &lt;div id="country-list-id" class="country-list" style="display:none;" tabindex="-1"&gt;
                            &lt;ul&gt;
                                    &lt;li&gt;&lt;a href="https://www.sogeti.be/" target="_blank" title="Belgium"&gt;Belgium&lt;/a&gt;&lt;/li&gt;
                                    &lt;li&gt;&lt;a href="https://www.sogeti.fi/" target="_blank" title="Finland"&gt;Finland&lt;/a&gt;&lt;/li&gt;
                                    &lt;li&gt;&lt;a href="https://www.fr.sogeti.com/" target="_blank" title="France"&gt;France&lt;/a&gt;&lt;/li&gt;
                                    &lt;li&gt;&lt;a href="https://www.sogeti.de/" target="_blank" title="Germany"&gt;Germany&lt;/a&gt;&lt;/li&gt;
                                    &lt;li&gt;&lt;a href="https://www.sogeti.ie/" target="_blank" title="Ireland"&gt;Ireland&lt;/a&gt;&lt;/li&gt;
                                    &lt;li&gt;&lt;a href="https://www.sogeti.lu/" target="_blank" title="Luxembourg"&gt;Luxembourg&lt;/a&gt;&lt;/li&gt;
                                    &lt;li&gt;&lt;a href="https://www.sogeti.nl/" target="_blank" title="Netherlands"&gt;Netherlands&lt;/a&gt;&lt;/li&gt;
                                    &lt;li&gt;&lt;a href="https://www.sogeti.no/" target="_blank" title="Norway"&gt;Norway&lt;/a&gt;&lt;/li&gt;
                                    &lt;li&gt;&lt;a href="https://www.sogeti.es/" target="_blank" title="Spain"&gt;Spain&lt;/a&gt;&lt;/li&gt;
                                    &lt;li&gt;&lt;a href="https://www.sogeti.se/" target="_blank" title="Sweden"&gt;Sweden&lt;/a&gt;&lt;/li&gt;
                                    &lt;li&gt;&lt;a href="https://www.uk.sogeti.com/" target="_blank" title="UK"&gt;UK&lt;/a&gt;&lt;/li&gt;
                                    &lt;li&gt;&lt;a href="https://www.sogeti.com/" target="_blank" title="Sogeti Global"&gt;Sogeti Global&lt;/a&gt;&lt;/li&gt;
                            &lt;/ul&gt;
                        &lt;/div&gt;
                &lt;/div&gt;

                &lt;div class="navbar-brand"&gt;
                        &lt;div&gt;
                            &lt;a class="current" href="https://www.us.sogeti.com/"&gt;
                                &lt;img src="/Static/img/sogeti-logo.svg" alt="Sogeti Logo"&gt;
                            &lt;/a&gt;
                        &lt;/div&gt;
                &lt;/div&gt;
            &lt;/div&gt;

        &lt;/div&gt;
        &lt;nav aria-label="main menu" id="main-menu" class="main-menu-desktop"&gt;
            &lt;ul class="level0 clearfix"&gt;

                    &lt;li class=" has-children   level0 focus-style" tabindex="0" data-levelname="level0"&gt;
                        &lt;div class="wrapper"&gt;
                            &lt;span&gt;Who We Are&lt;/span&gt;
                        &lt;/div&gt;
                        &lt;div class="mega-navbar refreshed level0" data-levelname="level0"&gt;
                            &lt;span class="heading"&gt;Who We Are&lt;/span&gt;
                            &lt;ul class="level1"&gt;
                                    &lt;li class="   "&gt;
                                            &lt;a class="subMenuLink" href="https://www.us.sogeti.com/who-we-are/about-us/"&gt;About Us&lt;/a&gt;
                                    &lt;/li&gt;
                                    &lt;li class="   "&gt;
                                            &lt;a class="subMenuLink" href="https://www.us.sogeti.com/who-we-are/locations/"&gt;Locations&lt;/a&gt;
                                    &lt;/li&gt;
                                    &lt;li class="   "&gt;
                                            &lt;a class="subMenuLink" href="https://www.us.sogeti.com/who-we-are/valueinthemaking/"&gt;Value in the Making&lt;/a&gt;
                                    &lt;/li&gt;
                                    &lt;li class="   "&gt;
                                            &lt;a class="subMenuLink" href="https://www.us.sogeti.com/who-we-are/corporate-social-responsibility/"&gt;Corporate Social Responsibility&lt;/a&gt;
                                    &lt;/li&gt;
                                    &lt;li class="   "&gt;
                                            &lt;a class="subMenuLink" href="https://www.us.sogeti.com/who-we-are/events/"&gt;Events&lt;/a&gt;
                                    &lt;/li&gt;
                                    &lt;li class="   "&gt;
                                            &lt;a class="subMenuLi... (set the log level to DEBUG or TRACE to see the full content) 
 